2019-04-08 17:35:13,463 [Worker-3] INFO  c.g.t.t.d.PublishedGradleVersions - Gradle version information cache is up-to-date. Trying to read.
2019-04-08 17:35:48,236 [Worker-2] INFO  o.e.m.c.i.e.AbstractTransferListenerAdapter - Downloading https://repo.maven.apache.org/maven2/org/apache/axis2/axis2-java2wsdl-maven-plugin/maven-metadata.xml
2019-04-08 17:35:48,649 [Worker-2] INFO  o.e.m.c.i.e.AbstractTransferListenerAdapter - Downloaded https://repo.maven.apache.org/maven2/org/apache/axis2/axis2-java2wsdl-maven-plugin/maven-metadata.xml
2019-04-08 17:35:49,053 [Worker-2] INFO  o.e.m.c.i.e.AbstractTransferListenerAdapter - Downloading https://repo.maven.apache.org/maven2/org/apache/axis2/axis2-java2wsdl-maven-plugin/1.7.9/axis2-java2wsdl-maven-plugin-1.7.9.pom
2019-04-08 17:35:49,150 [Worker-16] INFO  o.e.m.c.i.e.AbstractTransferListenerAdapter - Downloading https://repo.maven.apache.org/maven2/org/apache/axis2/axis2-java2wsdl-maven-plugin/maven-metadata.xml
2019-04-08 17:35:49,420 [Worker-2] INFO  o.e.m.c.i.e.AbstractTransferListenerAdapter - Downloaded https://repo.maven.apache.org/maven2/org/apache/axis2/axis2-java2wsdl-maven-plugin/1.7.9/axis2-java2wsdl-maven-plugin-1.7.9.pom
2019-04-08 17:35:49,442 [Worker-16] INFO  o.e.m.c.i.e.AbstractTransferListenerAdapter - Downloaded https://repo.maven.apache.org/maven2/org/apache/axis2/axis2-java2wsdl-maven-plugin/maven-metadata.xml
2019-04-08 17:35:49,741 [Worker-2] INFO  o.e.m.c.i.e.AbstractTransferListenerAdapter - Downloading https://repo.maven.apache.org/maven2/org/apache/axis2/axis2/1.7.9/axis2-1.7.9.pom
2019-04-08 17:35:50,645 [Worker-2] INFO  o.e.m.c.i.e.AbstractTransferListenerAdapter - Downloaded https://repo.maven.apache.org/maven2/org/apache/axis2/axis2/1.7.9/axis2-1.7.9.pom
2019-04-08 17:35:51,169 [Worker-2] INFO  o.e.m.c.i.e.AbstractTransferListenerAdapter - Downloading https://repo.maven.apache.org/maven2/org/apache/axis2/axis2-java2wsdl-maven-plugin/1.7.9/axis2-java2wsdl-maven-plugin-1.7.9.jar
2019-04-08 17:35:51,532 [Worker-2] INFO  o.e.m.c.i.e.AbstractTransferListenerAdapter - Downloaded https://repo.maven.apache.org/maven2/org/apache/axis2/axis2-java2wsdl-maven-plugin/1.7.9/axis2-java2wsdl-maven-plugin-1.7.9.jar
2019-04-08 17:35:52,641 [Worker-16] INFO  o.e.m.c.i.e.AbstractTransferListenerAdapter - Downloading https://repo.maven.apache.org/maven2/org/apache/axis2/axis2-aar-maven-plugin/maven-metadata.xml
2019-04-08 17:35:52,669 [Worker-2] INFO  o.e.m.c.i.e.AbstractTransferListenerAdapter - Downloading https://repo.maven.apache.org/maven2/org/apache/axis2/axis2-aar-maven-plugin/maven-metadata.xml
2019-04-08 17:35:52,999 [Worker-2] INFO  o.e.m.c.i.e.AbstractTransferListenerAdapter - Downloaded https://repo.maven.apache.org/maven2/org/apache/axis2/axis2-aar-maven-plugin/maven-metadata.xml
2019-04-08 17:35:53,046 [Worker-16] INFO  o.e.m.c.i.e.AbstractTransferListenerAdapter - Downloaded https://repo.maven.apache.org/maven2/org/apache/axis2/axis2-aar-maven-plugin/maven-metadata.xml
2019-04-08 17:35:53,363 [Worker-2] INFO  o.e.m.c.i.e.AbstractTransferListenerAdapter - Downloading https://repo.maven.apache.org/maven2/org/apache/axis2/axis2-aar-maven-plugin/1.7.9/axis2-aar-maven-plugin-1.7.9.pom
2019-04-08 17:35:53,791 [Worker-2] INFO  o.e.m.c.i.e.AbstractTransferListenerAdapter - Downloaded https://repo.maven.apache.org/maven2/org/apache/axis2/axis2-aar-maven-plugin/1.7.9/axis2-aar-maven-plugin-1.7.9.pom
2019-04-08 17:35:54,369 [Worker-2] INFO  o.e.m.c.i.e.AbstractTransferListenerAdapter - Downloading https://repo.maven.apache.org/maven2/org/apache/axis2/axis2-aar-maven-plugin/1.7.9/axis2-aar-maven-plugin-1.7.9.jar
2019-04-08 17:35:55,114 [Worker-2] INFO  o.e.m.c.i.e.AbstractTransferListenerAdapter - Downloaded https://repo.maven.apache.org/maven2/org/apache/axis2/axis2-aar-maven-plugin/1.7.9/axis2-aar-maven-plugin-1.7.9.jar
2019-04-08 17:35:57,186 [Worker-2] INFO  o.e.m.c.i.l.LifecycleMappingFactory - Using org.eclipse.m2e.jdt.JarLifecycleMapping lifecycle mapping for MavenProject: com.dxc:DemoWS:1.0 @ C:\Users\training\Desktop\H\DemoWS\pom.xml.
2019-04-08 17:35:57,186 [Worker-16] INFO  o.e.m.c.i.l.LifecycleMappingFactory - Using org.eclipse.m2e.jdt.JarLifecycleMapping lifecycle mapping for MavenProject: com.dxc:DemoWS:1.0 @ C:\Users\training\Desktop\H\DemoWS\pom.xml.
2019-04-08 17:35:58,411 [Worker-16] INFO  o.e.m.c.i.e.AbstractTransferListenerAdapter - Downloading https://repo.maven.apache.org/maven2/mysql/mysql-connector-java/5.1.46/mysql-connector-java-5.1.46.pom
2019-04-08 17:35:58,422 [Worker-2] INFO  o.e.m.c.i.e.AbstractTransferListenerAdapter - Downloading https://repo.maven.apache.org/maven2/mysql/mysql-connector-java/5.1.46/mysql-connector-java-5.1.46.pom
2019-04-08 17:35:58,716 [Worker-16] INFO  o.e.m.c.i.e.AbstractTransferListenerAdapter - Downloaded https://repo.maven.apache.org/maven2/mysql/mysql-connector-java/5.1.46/mysql-connector-java-5.1.46.pom
2019-04-08 17:35:58,735 [Worker-2] INFO  o.e.m.c.i.e.AbstractTransferListenerAdapter - Downloaded https://repo.maven.apache.org/maven2/mysql/mysql-connector-java/5.1.46/mysql-connector-java-5.1.46.pom
2019-04-08 17:35:59,110 [Worker-2] INFO  o.e.m.c.i.e.AbstractTransferListenerAdapter - Downloading https://repo.maven.apache.org/maven2/mysql/mysql-connector-java/5.1.46/mysql-connector-java-5.1.46.jar
2019-04-08 17:35:59,115 [Worker-16] INFO  o.e.m.c.i.e.AbstractTransferListenerAdapter - Downloading https://repo.maven.apache.org/maven2/mysql/mysql-connector-java/5.1.46/mysql-connector-java-5.1.46.jar
2019-04-08 17:36:02,019 [Worker-2] INFO  o.e.m.c.i.e.AbstractTransferListenerAdapter - Downloaded https://repo.maven.apache.org/maven2/mysql/mysql-connector-java/5.1.46/mysql-connector-java-5.1.46.jar
2019-04-08 17:36:02,376 [Worker-16] INFO  o.e.m.c.i.e.AbstractTransferListenerAdapter - Downloaded https://repo.maven.apache.org/maven2/mysql/mysql-connector-java/5.1.46/mysql-connector-java-5.1.46.jar
2019-04-08 17:36:04,418 [Worker-16] INFO  o.e.m.c.i.embedder.EclipseLogger - Using 'UTF-8' encoding to copy filtered resources.
2019-04-08 17:36:04,430 [Worker-16] INFO  o.e.m.c.i.embedder.EclipseLogger - Copying 1 resource
2019-04-08 17:36:04,501 [Worker-16] INFO  o.e.m.c.i.embedder.EclipseLogger - Using 'UTF-8' encoding to copy filtered resources.
2019-04-08 17:36:04,504 [Worker-16] INFO  o.e.m.c.i.embedder.EclipseLogger - skip non existing resourceDirectory C:\Users\training\Desktop\H\DemoWS\src\test\resources
2019-04-08 17:36:07,540 [Worker-16] INFO  o.e.m.c.i.e.AbstractTransferListenerAdapter - Downloading https://repo.maven.apache.org/maven2/org/apache/axis2/axis2-wsdl2code-maven-plugin/1.7.9/axis2-wsdl2code-maven-plugin-1.7.9.pom
2019-04-08 17:36:07,934 [Worker-16] INFO  o.e.m.c.i.e.AbstractTransferListenerAdapter - Downloaded https://repo.maven.apache.org/maven2/org/apache/axis2/axis2-wsdl2code-maven-plugin/1.7.9/axis2-wsdl2code-maven-plugin-1.7.9.pom
2019-04-08 17:36:08,347 [Worker-16] INFO  o.e.m.c.i.e.AbstractTransferListenerAdapter - Downloading https://repo.maven.apache.org/maven2/org/apache/axis2/axis2-wsdl2code-maven-plugin/1.7.9/axis2-wsdl2code-maven-plugin-1.7.9.jar
2019-04-08 17:36:09,036 [Worker-16] INFO  o.e.m.c.i.e.AbstractTransferListenerAdapter - Downloaded https://repo.maven.apache.org/maven2/org/apache/axis2/axis2-wsdl2code-maven-plugin/1.7.9/axis2-wsdl2code-maven-plugin-1.7.9.jar
2019-04-08 17:36:09,189 [Worker-5] INFO  o.e.m.c.i.l.LifecycleMappingFactory - Using org.eclipse.m2e.jdt.JarLifecycleMapping lifecycle mapping for MavenProject: com.dxc:DemoWS:1.0 @ C:\Users\training\Desktop\H\DemoWS\pom.xml.
2019-04-08 17:36:09,328 [Worker-16] INFO  o.e.m.c.i.l.LifecycleMappingFactory - Using org.maven.ide.eclipse.wtp.WarLifecycleMapping lifecycle mapping for MavenProject: com.dxc:DemoWS_Client:1.0 @ C:\Users\training\Desktop\H\DemoWS_Client\pom.xml.
2019-04-08 17:36:10,523 [Worker-16] INFO  o.e.m.c.i.e.AbstractTransferListenerAdapter - Downloading https://repo.maven.apache.org/maven2/org/springframework/spring-webmvc/4.0.6.RELEASE/spring-webmvc-4.0.6.RELEASE.pom
2019-04-08 17:36:10,828 [Worker-16] INFO  o.e.m.c.i.e.AbstractTransferListenerAdapter - Downloaded https://repo.maven.apache.org/maven2/org/springframework/spring-webmvc/4.0.6.RELEASE/spring-webmvc-4.0.6.RELEASE.pom
2019-04-08 17:36:11,141 [Worker-16] INFO  o.e.m.c.i.e.AbstractTransferListenerAdapter - Downloading https://repo.maven.apache.org/maven2/org/springframework/spring-beans/4.0.6.RELEASE/spring-beans-4.0.6.RELEASE.pom
2019-04-08 17:36:11,437 [Worker-16] INFO  o.e.m.c.i.e.AbstractTransferListenerAdapter - Downloaded https://repo.maven.apache.org/maven2/org/springframework/spring-beans/4.0.6.RELEASE/spring-beans-4.0.6.RELEASE.pom
2019-04-08 17:36:11,733 [Worker-16] INFO  o.e.m.c.i.e.AbstractTransferListenerAdapter - Downloading https://repo.maven.apache.org/maven2/org/springframework/spring-core/4.0.6.RELEASE/spring-core-4.0.6.RELEASE.pom
2019-04-08 17:36:12,027 [Worker-16] INFO  o.e.m.c.i.e.AbstractTransferListenerAdapter - Downloaded https://repo.maven.apache.org/maven2/org/springframework/spring-core/4.0.6.RELEASE/spring-core-4.0.6.RELEASE.pom
2019-04-08 17:36:12,346 [Worker-16] INFO  o.e.m.c.i.e.AbstractTransferListenerAdapter - Downloading https://repo.maven.apache.org/maven2/org/springframework/spring-context/4.0.6.RELEASE/spring-context-4.0.6.RELEASE.pom
2019-04-08 17:36:12,637 [Worker-16] INFO  o.e.m.c.i.e.AbstractTransferListenerAdapter - Downloaded https://repo.maven.apache.org/maven2/org/springframework/spring-context/4.0.6.RELEASE/spring-context-4.0.6.RELEASE.pom
2019-04-08 17:36:12,926 [Worker-16] INFO  o.e.m.c.i.e.AbstractTransferListenerAdapter - Downloading https://repo.maven.apache.org/maven2/org/springframework/spring-aop/4.0.6.RELEASE/spring-aop-4.0.6.RELEASE.pom
2019-04-08 17:36:13,216 [Worker-16] INFO  o.e.m.c.i.e.AbstractTransferListenerAdapter - Downloaded https://repo.maven.apache.org/maven2/org/springframework/spring-aop/4.0.6.RELEASE/spring-aop-4.0.6.RELEASE.pom
2019-04-08 17:36:13,526 [Worker-16] INFO  o.e.m.c.i.e.AbstractTransferListenerAdapter - Downloading https://repo.maven.apache.org/maven2/org/springframework/spring-expression/4.0.6.RELEASE/spring-expression-4.0.6.RELEASE.pom
2019-04-08 17:36:14,351 [Worker-16] INFO  o.e.m.c.i.e.AbstractTransferListenerAdapter - Downloaded https://repo.maven.apache.org/maven2/org/springframework/spring-expression/4.0.6.RELEASE/spring-expression-4.0.6.RELEASE.pom
2019-04-08 17:36:14,657 [Worker-16] INFO  o.e.m.c.i.e.AbstractTransferListenerAdapter - Downloading https://repo.maven.apache.org/maven2/org/springframework/spring-web/4.0.6.RELEASE/spring-web-4.0.6.RELEASE.pom
2019-04-08 17:36:14,953 [Worker-16] INFO  o.e.m.c.i.e.AbstractTransferListenerAdapter - Downloaded https://repo.maven.apache.org/maven2/org/springframework/spring-web/4.0.6.RELEASE/spring-web-4.0.6.RELEASE.pom
2019-04-08 17:36:15,286 [Worker-16] INFO  o.e.m.c.i.e.AbstractTransferListenerAdapter - Downloading https://repo.maven.apache.org/maven2/org/springframework/spring-jdbc/4.0.6.RELEASE/spring-jdbc-4.0.6.RELEASE.pom
2019-04-08 17:36:16,107 [Worker-16] INFO  o.e.m.c.i.e.AbstractTransferListenerAdapter - Downloaded https://repo.maven.apache.org/maven2/org/springframework/spring-jdbc/4.0.6.RELEASE/spring-jdbc-4.0.6.RELEASE.pom
2019-04-08 17:36:16,406 [Worker-16] INFO  o.e.m.c.i.e.AbstractTransferListenerAdapter - Downloading https://repo.maven.apache.org/maven2/org/springframework/spring-tx/4.0.6.RELEASE/spring-tx-4.0.6.RELEASE.pom
2019-04-08 17:36:16,701 [Worker-16] INFO  o.e.m.c.i.e.AbstractTransferListenerAdapter - Downloaded https://repo.maven.apache.org/maven2/org/springframework/spring-tx/4.0.6.RELEASE/spring-tx-4.0.6.RELEASE.pom
2019-04-08 17:36:17,014 [Worker-16] INFO  o.e.m.c.i.e.AbstractTransferListenerAdapter - Downloading https://repo.maven.apache.org/maven2/org/apache/axis2/axis2-xmlbeans/1.7.9/axis2-xmlbeans-1.7.9.pom
2019-04-08 17:36:17,385 [Worker-16] INFO  o.e.m.c.i.e.AbstractTransferListenerAdapter - Downloaded https://repo.maven.apache.org/maven2/org/apache/axis2/axis2-xmlbeans/1.7.9/axis2-xmlbeans-1.7.9.pom
2019-04-08 17:36:17,685 [Worker-16] INFO  o.e.m.c.i.e.AbstractTransferListenerAdapter - Downloading https://repo.maven.apache.org/maven2/org/apache/axis2/axis2-codegen/1.7.9/axis2-codegen-1.7.9.pom
2019-04-08 17:36:18,053 [Worker-16] INFO  o.e.m.c.i.e.AbstractTransferListenerAdapter - Downloaded https://repo.maven.apache.org/maven2/org/apache/axis2/axis2-codegen/1.7.9/axis2-codegen-1.7.9.pom
2019-04-08 17:36:18,351 [Worker-16] INFO  o.e.m.c.i.e.AbstractTransferListenerAdapter - Downloading https://repo.maven.apache.org/maven2/org/apache/axis2/axis2-kernel/1.7.9/axis2-kernel-1.7.9.pom
2019-04-08 17:36:18,708 [Worker-16] INFO  o.e.m.c.i.e.AbstractTransferListenerAdapter - Downloaded https://repo.maven.apache.org/maven2/org/apache/axis2/axis2-kernel/1.7.9/axis2-kernel-1.7.9.pom
2019-04-08 17:36:19,009 [Worker-16] INFO  o.e.m.c.i.e.AbstractTransferListenerAdapter - Downloading https://repo.maven.apache.org/maven2/org/apache/ws/commons/axiom/axiom-api/1.2.21/axiom-api-1.2.21.pom
2019-04-08 17:36:19,643 [Worker-16] INFO  o.e.m.c.i.e.AbstractTransferListenerAdapter - Downloaded https://repo.maven.apache.org/maven2/org/apache/ws/commons/axiom/axiom-api/1.2.21/axiom-api-1.2.21.pom
2019-04-08 17:36:19,949 [Worker-16] INFO  o.e.m.c.i.e.AbstractTransferListenerAdapter - Downloading https://repo.maven.apache.org/maven2/org/apache/ws/commons/axiom/axiom/1.2.21/axiom-1.2.21.pom
2019-04-08 17:36:22,298 [Worker-16] INFO  o.e.m.c.i.e.AbstractTransferListenerAdapter - Downloaded https://repo.maven.apache.org/maven2/org/apache/ws/commons/axiom/axiom/1.2.21/axiom-1.2.21.pom
2019-04-08 17:36:22,614 [Worker-16] INFO  o.e.m.c.i.e.AbstractTransferListenerAdapter - Downloading https://repo.maven.apache.org/maven2/org/apache/ws/ws-parent/3/ws-parent-3.pom
2019-04-08 17:36:22,907 [Worker-16] INFO  o.e.m.c.i.e.AbstractTransferListenerAdapter - Downloaded https://repo.maven.apache.org/maven2/org/apache/ws/ws-parent/3/ws-parent-3.pom
2019-04-08 17:36:23,215 [Worker-16] INFO  o.e.m.c.i.e.AbstractTransferListenerAdapter - Downloading https://repo.maven.apache.org/maven2/org/apache/geronimo/specs/geronimo-activation_1.1_spec/1.1/geronimo-activation_1.1_spec-1.1.pom
2019-04-08 17:36:23,496 [Worker-16] INFO  o.e.m.c.i.e.AbstractTransferListenerAdapter - Downloaded https://repo.maven.apache.org/maven2/org/apache/geronimo/specs/geronimo-activation_1.1_spec/1.1/geronimo-activation_1.1_spec-1.1.pom
2019-04-08 17:36:23,785 [Worker-16] INFO  o.e.m.c.i.e.AbstractTransferListenerAdapter - Downloading https://repo.maven.apache.org/maven2/org/apache/geronimo/genesis/genesis-java5-flava/2.0/genesis-java5-flava-2.0.pom
2019-04-08 17:36:24,083 [Worker-16] INFO  o.e.m.c.i.e.AbstractTransferListenerAdapter - Downloaded https://repo.maven.apache.org/maven2/org/apache/geronimo/genesis/genesis-java5-flava/2.0/genesis-java5-flava-2.0.pom
2019-04-08 17:36:24,386 [Worker-16] INFO  o.e.m.c.i.e.AbstractTransferListenerAdapter - Downloading https://repo.maven.apache.org/maven2/org/apache/geronimo/genesis/genesis-default-flava/2.0/genesis-default-flava-2.0.pom
2019-04-08 17:36:24,950 [Worker-16] INFO  o.e.m.c.i.e.AbstractTransferListenerAdapter - Downloaded https://repo.maven.apache.org/maven2/org/apache/geronimo/genesis/genesis-default-flava/2.0/genesis-default-flava-2.0.pom
2019-04-08 17:36:25,255 [Worker-16] INFO  o.e.m.c.i.e.AbstractTransferListenerAdapter - Downloading https://repo.maven.apache.org/maven2/org/apache/geronimo/genesis/genesis/2.0/genesis-2.0.pom
2019-04-08 17:36:25,819 [Worker-16] INFO  o.e.m.c.i.e.AbstractTransferListenerAdapter - Downloaded https://repo.maven.apache.org/maven2/org/apache/geronimo/genesis/genesis/2.0/genesis-2.0.pom
2019-04-08 17:36:26,164 [Worker-16] INFO  o.e.m.c.i.e.AbstractTransferListenerAdapter - Downloading https://repo.maven.apache.org/maven2/jaxen/jaxen/1.1.6/jaxen-1.1.6.pom
2019-04-08 17:36:26,466 [Worker-16] INFO  o.e.m.c.i.e.AbstractTransferListenerAdapter - Downloaded https://repo.maven.apache.org/maven2/jaxen/jaxen/1.1.6/jaxen-1.1.6.pom
2019-04-08 17:36:26,785 [Worker-16] INFO  o.e.m.c.i.e.AbstractTransferListenerAdapter - Downloading https://repo.maven.apache.org/maven2/org/apache/geronimo/specs/geronimo-stax-api_1.0_spec/1.0.1/geronimo-stax-api_1.0_spec-1.0.1.pom
2019-04-08 17:36:27,075 [Worker-16] INFO  o.e.m.c.i.e.AbstractTransferListenerAdapter - Downloaded https://repo.maven.apache.org/maven2/org/apache/geronimo/specs/geronimo-stax-api_1.0_spec/1.0.1/geronimo-stax-api_1.0_spec-1.0.1.pom
2019-04-08 17:36:27,372 [Worker-16] INFO  o.e.m.c.i.e.AbstractTransferListenerAdapter - Downloading https://repo.maven.apache.org/maven2/org/apache/geronimo/specs/specs/1.3/specs-1.3.pom
2019-04-08 17:36:27,662 [Worker-16] INFO  o.e.m.c.i.e.AbstractTransferListenerAdapter - Downloaded https://repo.maven.apache.org/maven2/org/apache/geronimo/specs/specs/1.3/specs-1.3.pom
2019-04-08 17:36:27,953 [Worker-16] INFO  o.e.m.c.i.e.AbstractTransferListenerAdapter - Downloading https://repo.maven.apache.org/maven2/org/apache/geronimo/genesis/config/project-config/1.1/project-config-1.1.pom
2019-04-08 17:36:28,241 [Worker-16] INFO  o.e.m.c.i.e.AbstractTransferListenerAdapter - Downloaded https://repo.maven.apache.org/maven2/org/apache/geronimo/genesis/config/project-config/1.1/project-config-1.1.pom
2019-04-08 17:36:28,535 [Worker-16] INFO  o.e.m.c.i.e.AbstractTransferListenerAdapter - Downloading https://repo.maven.apache.org/maven2/org/apache/geronimo/genesis/config/config/1.1/config-1.1.pom
2019-04-08 17:36:28,821 [Worker-16] INFO  o.e.m.c.i.e.AbstractTransferListenerAdapter - Downloaded https://repo.maven.apache.org/maven2/org/apache/geronimo/genesis/config/config/1.1/config-1.1.pom
2019-04-08 17:36:29,109 [Worker-16] INFO  o.e.m.c.i.e.AbstractTransferListenerAdapter - Downloading https://repo.maven.apache.org/maven2/org/apache/geronimo/genesis/genesis/1.1/genesis-1.1.pom
2019-04-08 17:36:29,398 [Worker-16] INFO  o.e.m.c.i.e.AbstractTransferListenerAdapter - Downloaded https://repo.maven.apache.org/maven2/org/apache/geronimo/genesis/genesis/1.1/genesis-1.1.pom
2019-04-08 17:36:29,692 [Worker-16] INFO  o.e.m.c.i.e.AbstractTransferListenerAdapter - Downloading https://repo.maven.apache.org/maven2/org/apache/james/apache-mime4j-core/0.7.2/apache-mime4j-core-0.7.2.pom
2019-04-08 17:36:29,978 [Worker-16] INFO  o.e.m.c.i.e.AbstractTransferListenerAdapter - Downloaded https://repo.maven.apache.org/maven2/org/apache/james/apache-mime4j-core/0.7.2/apache-mime4j-core-0.7.2.pom
2019-04-08 17:36:30,272 [Worker-16] INFO  o.e.m.c.i.e.AbstractTransferListenerAdapter - Downloading https://repo.maven.apache.org/maven2/org/apache/james/apache-mime4j-project/0.7.2/apache-mime4j-project-0.7.2.pom
2019-04-08 17:36:30,564 [Worker-16] INFO  o.e.m.c.i.e.AbstractTransferListenerAdapter - Downloaded https://repo.maven.apache.org/maven2/org/apache/james/apache-mime4j-project/0.7.2/apache-mime4j-project-0.7.2.pom
2019-04-08 17:36:30,853 [Worker-16] INFO  o.e.m.c.i.e.AbstractTransferListenerAdapter - Downloading https://repo.maven.apache.org/maven2/org/apache/james/james-project/1.8/james-project-1.8.pom
2019-04-08 17:36:31,965 [Worker-16] INFO  o.e.m.c.i.e.AbstractTransferListenerAdapter - Downloaded https://repo.maven.apache.org/maven2/org/apache/james/james-project/1.8/james-project-1.8.pom
2019-04-08 17:36:32,280 [Worker-16] INFO  o.e.m.c.i.e.AbstractTransferListenerAdapter - Downloading https://repo.maven.apache.org/maven2/org/apache/ws/commons/axiom/axiom-impl/1.2.21/axiom-impl-1.2.21.pom
2019-04-08 17:36:32,647 [Worker-16] INFO  o.e.m.c.i.e.AbstractTransferListenerAdapter - Downloaded https://repo.maven.apache.org/maven2/org/apache/ws/commons/axiom/axiom-impl/1.2.21/axiom-impl-1.2.21.pom
2019-04-08 17:36:32,964 [Worker-16] INFO  o.e.m.c.i.e.AbstractTransferListenerAdapter - Downloading https://repo.maven.apache.org/maven2/org/apache/ws/commons/axiom/implementations/1.2.21/implementations-1.2.21.pom
2019-04-08 17:36:33,341 [Worker-16] INFO  o.e.m.c.i.e.AbstractTransferListenerAdapter - Downloaded https://repo.maven.apache.org/maven2/org/apache/ws/commons/axiom/implementations/1.2.21/implementations-1.2.21.pom
2019-04-08 17:36:33,636 [Worker-16] INFO  o.e.m.c.i.e.AbstractTransferListenerAdapter - Downloading https://repo.maven.apache.org/maven2/org/codehaus/woodstox/woodstox-core-asl/4.2.0/woodstox-core-asl-4.2.0.pom
2019-04-08 17:36:33,924 [Worker-16] INFO  o.e.m.c.i.e.AbstractTransferListenerAdapter - Downloaded https://repo.maven.apache.org/maven2/org/codehaus/woodstox/woodstox-core-asl/4.2.0/woodstox-core-asl-4.2.0.pom
2019-04-08 17:36:34,220 [Worker-16] INFO  o.e.m.c.i.e.AbstractTransferListenerAdapter - Downloading https://repo.maven.apache.org/maven2/org/codehaus/woodstox/stax2-api/3.1.1/stax2-api-3.1.1.pom
2019-04-08 17:36:34,508 [Worker-16] INFO  o.e.m.c.i.e.AbstractTransferListenerAdapter - Downloaded https://repo.maven.apache.org/maven2/org/codehaus/woodstox/stax2-api/3.1.1/stax2-api-3.1.1.pom
2019-04-08 17:36:34,797 [Worker-16] INFO  o.e.m.c.i.e.AbstractTransferListenerAdapter - Downloading https://repo.maven.apache.org/maven2/org/apache/geronimo/specs/geronimo-ws-metadata_2.0_spec/1.1.2/geronimo-ws-metadata_2.0_spec-1.1.2.pom
2019-04-08 17:36:35,089 [Worker-16] INFO  o.e.m.c.i.e.AbstractTransferListenerAdapter - Downloaded https://repo.maven.apache.org/maven2/org/apache/geronimo/specs/geronimo-ws-metadata_2.0_spec/1.1.2/geronimo-ws-metadata_2.0_spec-1.1.2.pom
2019-04-08 17:36:35,383 [Worker-16] INFO  o.e.m.c.i.e.AbstractTransferListenerAdapter - Downloading https://repo.maven.apache.org/maven2/org/apache/geronimo/specs/specs/1.4/specs-1.4.pom
2019-04-08 17:36:35,672 [Worker-16] INFO  o.e.m.c.i.e.AbstractTransferListenerAdapter - Downloaded https://repo.maven.apache.org/maven2/org/apache/geronimo/specs/specs/1.4/specs-1.4.pom
2019-04-08 17:36:35,968 [Worker-16] INFO  o.e.m.c.i.e.AbstractTransferListenerAdapter - Downloading https://repo.maven.apache.org/maven2/org/apache/geronimo/genesis/config/project-config/1.2/project-config-1.2.pom
2019-04-08 17:36:36,529 [Worker-16] INFO  o.e.m.c.i.e.AbstractTransferListenerAdapter - Downloaded https://repo.maven.apache.org/maven2/org/apache/geronimo/genesis/config/project-config/1.2/project-config-1.2.pom
2019-04-08 17:36:36,830 [Worker-16] INFO  o.e.m.c.i.e.AbstractTransferListenerAdapter - Downloading https://repo.maven.apache.org/maven2/org/apache/geronimo/genesis/config/config/1.2/config-1.2.pom
2019-04-08 17:36:37,127 [Worker-16] INFO  o.e.m.c.i.e.AbstractTransferListenerAdapter - Downloaded https://repo.maven.apache.org/maven2/org/apache/geronimo/genesis/config/config/1.2/config-1.2.pom
2019-04-08 17:36:37,474 [Worker-16] INFO  o.e.m.c.i.e.AbstractTransferListenerAdapter - Downloading https://repo.maven.apache.org/maven2/org/apache/geronimo/genesis/genesis/1.2/genesis-1.2.pom
2019-04-08 17:36:37,761 [Worker-16] INFO  o.e.m.c.i.e.AbstractTransferListenerAdapter - Downloaded https://repo.maven.apache.org/maven2/org/apache/geronimo/genesis/genesis/1.2/genesis-1.2.pom
2019-04-08 17:36:38,062 [Worker-16] INFO  o.e.m.c.i.e.AbstractTransferListenerAdapter - Downloading https://repo.maven.apache.org/maven2/org/apache/geronimo/specs/geronimo-jta_1.1_spec/1.1/geronimo-jta_1.1_spec-1.1.pom
2019-04-08 17:36:38,356 [Worker-16] INFO  o.e.m.c.i.e.AbstractTransferListenerAdapter - Downloaded https://repo.maven.apache.org/maven2/org/apache/geronimo/specs/geronimo-jta_1.1_spec/1.1/geronimo-jta_1.1_spec-1.1.pom
2019-04-08 17:36:38,649 [Worker-16] INFO  o.e.m.c.i.e.AbstractTransferListenerAdapter - Downloading https://repo.maven.apache.org/maven2/org/apache/geronimo/specs/specs/1.2/specs-1.2.pom
2019-04-08 17:36:38,938 [Worker-16] INFO  o.e.m.c.i.e.AbstractTransferListenerAdapter - Downloaded https://repo.maven.apache.org/maven2/org/apache/geronimo/specs/specs/1.2/specs-1.2.pom
2019-04-08 17:36:39,243 [Worker-16] INFO  o.e.m.c.i.e.AbstractTransferListenerAdapter - Downloading https://repo.maven.apache.org/maven2/javax/servlet/servlet-api/2.3/servlet-api-2.3.pom
2019-04-08 17:36:39,530 [Worker-16] INFO  o.e.m.c.i.e.AbstractTransferListenerAdapter - Downloaded https://repo.maven.apache.org/maven2/javax/servlet/servlet-api/2.3/servlet-api-2.3.pom
2019-04-08 17:36:39,820 [Worker-16] INFO  o.e.m.c.i.e.AbstractTransferListenerAdapter - Downloading https://repo.maven.apache.org/maven2/commons-fileupload/commons-fileupload/1.3.3/commons-fileupload-1.3.3.pom
2019-04-08 17:36:40,123 [Worker-16] INFO  o.e.m.c.i.e.AbstractTransferListenerAdapter - Downloaded https://repo.maven.apache.org/maven2/commons-fileupload/commons-fileupload/1.3.3/commons-fileupload-1.3.3.pom
2019-04-08 17:36:40,424 [Worker-16] INFO  o.e.m.c.i.e.AbstractTransferListenerAdapter - Downloading https://repo.maven.apache.org/maven2/org/apache/commons/commons-parent/41/commons-parent-41.pom
2019-04-08 17:36:41,548 [Worker-16] INFO  o.e.m.c.i.e.AbstractTransferListenerAdapter - Downloaded https://repo.maven.apache.org/maven2/org/apache/commons/commons-parent/41/commons-parent-41.pom
2019-04-08 17:36:41,892 [Worker-16] INFO  o.e.m.c.i.e.AbstractTransferListenerAdapter - Downloading https://repo.maven.apache.org/maven2/wsdl4j/wsdl4j/1.6.2/wsdl4j-1.6.2.pom
2019-04-08 17:36:42,181 [Worker-16] INFO  o.e.m.c.i.e.AbstractTransferListenerAdapter - Downloaded https://repo.maven.apache.org/maven2/wsdl4j/wsdl4j/1.6.2/wsdl4j-1.6.2.pom
2019-04-08 17:36:42,477 [Worker-16] INFO  o.e.m.c.i.e.AbstractTransferListenerAdapter - Downloading https://repo.maven.apache.org/maven2/org/apache/ws/xmlschema/xmlschema-core/2.2.1/xmlschema-core-2.2.1.pom
2019-04-08 17:36:42,771 [Worker-16] INFO  o.e.m.c.i.e.AbstractTransferListenerAdapter - Downloaded https://repo.maven.apache.org/maven2/org/apache/ws/xmlschema/xmlschema-core/2.2.1/xmlschema-core-2.2.1.pom
2019-04-08 17:36:43,070 [Worker-16] INFO  o.e.m.c.i.e.AbstractTransferListenerAdapter - Downloading https://repo.maven.apache.org/maven2/org/apache/ws/xmlschema/xmlschema/2.2.1/xmlschema-2.2.1.pom
2019-04-08 17:36:43,619 [Worker-16] INFO  o.e.m.c.i.e.AbstractTransferListenerAdapter - Downloaded https://repo.maven.apache.org/maven2/org/apache/ws/xmlschema/xmlschema/2.2.1/xmlschema-2.2.1.pom
2019-04-08 17:36:43,916 [Worker-16] INFO  o.e.m.c.i.e.AbstractTransferListenerAdapter - Downloading https://repo.maven.apache.org/maven2/org/apache/neethi/neethi/3.0.3/neethi-3.0.3.pom
2019-04-08 17:36:44,219 [Worker-16] INFO  o.e.m.c.i.e.AbstractTransferListenerAdapter - Downloaded https://repo.maven.apache.org/maven2/org/apache/neethi/neethi/3.0.3/neethi-3.0.3.pom
2019-04-08 17:36:44,522 [Worker-16] INFO  o.e.m.c.i.e.AbstractTransferListenerAdapter - Downloading https://repo.maven.apache.org/maven2/org/apache/woden/woden-core/1.0M10/woden-core-1.0M10.pom
2019-04-08 17:36:44,813 [Worker-16] INFO  o.e.m.c.i.e.AbstractTransferListenerAdapter - Downloaded https://repo.maven.apache.org/maven2/org/apache/woden/woden-core/1.0M10/woden-core-1.0M10.pom
2019-04-08 17:36:45,113 [Worker-16] INFO  o.e.m.c.i.e.AbstractTransferListenerAdapter - Downloading https://repo.maven.apache.org/maven2/org/apache/woden/woden/1.0M10/woden-1.0M10.pom
2019-04-08 17:36:45,480 [Worker-16] INFO  o.e.m.c.i.e.AbstractTransferListenerAdapter - Downloaded https://repo.maven.apache.org/maven2/org/apache/woden/woden/1.0M10/woden-1.0M10.pom
2019-04-08 17:36:45,772 [Worker-16] INFO  o.e.m.c.i.e.AbstractTransferListenerAdapter - Downloading https://repo.maven.apache.org/maven2/org/apache/ws/ws-parent/1/ws-parent-1.pom
2019-04-08 17:36:46,066 [Worker-16] INFO  o.e.m.c.i.e.AbstractTransferListenerAdapter - Downloaded https://repo.maven.apache.org/maven2/org/apache/ws/ws-parent/1/ws-parent-1.pom
2019-04-08 17:36:46,422 [Worker-16] INFO  o.e.m.c.i.e.AbstractTransferListenerAdapter - Downloading https://repo.maven.apache.org/maven2/javax/ws/rs/jsr311-api/1.1.1/jsr311-api-1.1.1.pom
2019-04-08 17:36:46,713 [Worker-16] INFO  o.e.m.c.i.e.AbstractTransferListenerAdapter - Downloaded https://repo.maven.apache.org/maven2/javax/ws/rs/jsr311-api/1.1.1/jsr311-api-1.1.1.pom
2019-04-08 17:36:47,001 [Worker-16] INFO  o.e.m.c.i.e.AbstractTransferListenerAdapter - Downloading https://repo.maven.apache.org/maven2/commons-io/commons-io/2.1/commons-io-2.1.pom
2019-04-08 17:36:47,285 [Worker-16] INFO  o.e.m.c.i.e.AbstractTransferListenerAdapter - Downloaded https://repo.maven.apache.org/maven2/commons-io/commons-io/2.1/commons-io-2.1.pom
2019-04-08 17:36:47,624 [Worker-16] INFO  o.e.m.c.i.e.AbstractTransferListenerAdapter - Downloading https://repo.maven.apache.org/maven2/org/apache/axis2/axis2-adb/1.7.9/axis2-adb-1.7.9.pom
2019-04-08 17:36:47,990 [Worker-16] INFO  o.e.m.c.i.e.AbstractTransferListenerAdapter - Downloaded https://repo.maven.apache.org/maven2/org/apache/axis2/axis2-adb/1.7.9/axis2-adb-1.7.9.pom
2019-04-08 17:36:48,285 [Worker-16] INFO  o.e.m.c.i.e.AbstractTransferListenerAdapter - Downloading https://repo.maven.apache.org/maven2/org/apache/ws/commons/axiom/axiom-dom/1.2.21/axiom-dom-1.2.21.pom
2019-04-08 17:36:48,648 [Worker-16] INFO  o.e.m.c.i.e.AbstractTransferListenerAdapter - Downloaded https://repo.maven.apache.org/maven2/org/apache/ws/commons/axiom/axiom-dom/1.2.21/axiom-dom-1.2.21.pom
2019-04-08 17:36:48,943 [Worker-16] INFO  o.e.m.c.i.e.AbstractTransferListenerAdapter - Downloading https://repo.maven.apache.org/maven2/org/apache/geronimo/specs/geronimo-activation_1.1_spec/1.0.2/geronimo-activation_1.1_spec-1.0.2.pom
2019-04-08 17:36:49,230 [Worker-16] INFO  o.e.m.c.i.e.AbstractTransferListenerAdapter - Downloaded https://repo.maven.apache.org/maven2/org/apache/geronimo/specs/geronimo-activation_1.1_spec/1.0.2/geronimo-activation_1.1_spec-1.0.2.pom
2019-04-08 17:36:49,528 [Worker-16] INFO  o.e.m.c.i.e.AbstractTransferListenerAdapter - Downloading https://repo.maven.apache.org/maven2/com/sun/xml/ws/jaxws-tools/2.2.6/jaxws-tools-2.2.6.pom
2019-04-08 17:36:49,890 [Worker-16] INFO  o.e.m.c.i.e.AbstractTransferListenerAdapter - Downloaded https://repo.maven.apache.org/maven2/com/sun/xml/ws/jaxws-tools/2.2.6/jaxws-tools-2.2.6.pom
2019-04-08 17:36:50,196 [Worker-16] INFO  o.e.m.c.i.e.AbstractTransferListenerAdapter - Downloading https://repo.maven.apache.org/maven2/com/sun/xml/bind/jaxb-xjc/2.2.5/jaxb-xjc-2.2.5.pom
2019-04-08 17:36:50,605 [Worker-16] INFO  o.e.m.c.i.e.AbstractTransferListenerAdapter - Downloaded https://repo.maven.apache.org/maven2/com/sun/xml/bind/jaxb-xjc/2.2.5/jaxb-xjc-2.2.5.pom
2019-04-08 17:36:50,952 [Worker-16] INFO  o.e.m.c.i.e.AbstractTransferListenerAdapter - Downloading https://repo.maven.apache.org/maven2/org/apache/ws/commons/axiom/axiom-api/1.2.20/axiom-api-1.2.20.pom
2019-04-08 17:36:51,254 [Worker-16] INFO  o.e.m.c.i.e.AbstractTransferListenerAdapter - Downloaded https://repo.maven.apache.org/maven2/org/apache/ws/commons/axiom/axiom-api/1.2.20/axiom-api-1.2.20.pom
2019-04-08 17:36:52,578 [Worker-16] INFO  o.e.m.c.i.e.AbstractTransferListenerAdapter - Downloading https://repo.maven.apache.org/maven2/org/apache/ws/commons/axiom/axiom/1.2.20/axiom-1.2.20.pom
2019-04-08 17:36:54,228 [Worker-16] INFO  o.e.m.c.i.e.AbstractTransferListenerAdapter - Downloaded https://repo.maven.apache.org/maven2/org/apache/ws/commons/axiom/axiom/1.2.20/axiom-1.2.20.pom
2019-04-08 17:36:54,520 [Worker-16] INFO  o.e.m.c.i.e.AbstractTransferListenerAdapter - Downloading https://repo.maven.apache.org/maven2/org/apache/ws/ws-parent/2/ws-parent-2.pom
2019-04-08 17:36:54,805 [Worker-16] INFO  o.e.m.c.i.e.AbstractTransferListenerAdapter - Downloaded https://repo.maven.apache.org/maven2/org/apache/ws/ws-parent/2/ws-parent-2.pom
2019-04-08 17:36:55,124 [Worker-16] INFO  o.e.m.c.i.e.AbstractTransferListenerAdapter - Downloading https://repo.maven.apache.org/maven2/org/apache/ws/commons/axiom/axiom-impl/1.2.20/axiom-impl-1.2.20.pom
2019-04-08 17:36:55,411 [Worker-16] INFO  o.e.m.c.i.e.AbstractTransferListenerAdapter - Downloaded https://repo.maven.apache.org/maven2/org/apache/ws/commons/axiom/axiom-impl/1.2.20/axiom-impl-1.2.20.pom
2019-04-08 17:36:55,698 [Worker-16] INFO  o.e.m.c.i.e.AbstractTransferListenerAdapter - Downloading https://repo.maven.apache.org/maven2/org/apache/ws/commons/axiom/implementations/1.2.20/implementations-1.2.20.pom
2019-04-08 17:36:55,991 [Worker-16] INFO  o.e.m.c.i.e.AbstractTransferListenerAdapter - Downloaded https://repo.maven.apache.org/maven2/org/apache/ws/commons/axiom/implementations/1.2.20/implementations-1.2.20.pom
2019-04-08 17:36:56,308 [Worker-16] INFO  o.e.m.c.i.e.AbstractTransferListenerAdapter - Downloading https://repo.maven.apache.org/maven2/javax/xml/stream/stax-api/1.0-2/stax-api-1.0-2.pom
2019-04-08 17:36:56,606 [Worker-16] INFO  o.e.m.c.i.e.AbstractTransferListenerAdapter - Downloaded https://repo.maven.apache.org/maven2/javax/xml/stream/stax-api/1.0-2/stax-api-1.0-2.pom
2019-04-08 17:36:56,907 [Worker-16] INFO  o.e.m.c.i.e.AbstractTransferListenerAdapter - Downloading https://repo.maven.apache.org/maven2/org/apache/axis2/axis2-transport-local/1.7.9/axis2-transport-local-1.7.9.pom
2019-04-08 17:36:57,274 [Worker-16] INFO  o.e.m.c.i.e.AbstractTransferListenerAdapter - Downloaded https://repo.maven.apache.org/maven2/org/apache/axis2/axis2-transport-local/1.7.9/axis2-transport-local-1.7.9.pom
2019-04-08 17:36:57,581 [Worker-16] INFO  o.e.m.c.i.e.AbstractTransferListenerAdapter - Downloading https://repo.maven.apache.org/maven2/org/apache/axis2/axis2-transport-http/1.7.9/axis2-transport-http-1.7.9.pom
2019-04-08 17:36:57,955 [Worker-16] INFO  o.e.m.c.i.e.AbstractTransferListenerAdapter - Downloaded https://repo.maven.apache.org/maven2/org/apache/axis2/axis2-transport-http/1.7.9/axis2-transport-http-1.7.9.pom
2019-04-08 17:36:58,266 [Worker-16] INFO  o.e.m.c.i.e.AbstractTransferListenerAdapter - Downloading https://repo.maven.apache.org/maven2/org/apache/httpcomponents/httpclient/4.5.3/httpclient-4.5.3.pom
2019-04-08 17:36:58,565 [Worker-16] INFO  o.e.m.c.i.e.AbstractTransferListenerAdapter - Downloaded https://repo.maven.apache.org/maven2/org/apache/httpcomponents/httpclient/4.5.3/httpclient-4.5.3.pom
2019-04-08 17:36:58,872 [Worker-16] INFO  o.e.m.c.i.e.AbstractTransferListenerAdapter - Downloading https://repo.maven.apache.org/maven2/org/apache/httpcomponents/httpcomponents-client/4.5.3/httpcomponents-client-4.5.3.pom
2019-04-08 17:36:59,662 [Worker-16] INFO  o.e.m.c.i.e.AbstractTransferListenerAdapter - Downloaded https://repo.maven.apache.org/maven2/org/apache/httpcomponents/httpcomponents-client/4.5.3/httpcomponents-client-4.5.3.pom
2019-04-08 17:36:59,965 [Worker-16] INFO  o.e.m.c.i.e.AbstractTransferListenerAdapter - Downloading https://repo.maven.apache.org/maven2/org/apache/httpcomponents/project/7/project-7.pom
2019-04-08 17:37:00,533 [Worker-16] INFO  o.e.m.c.i.e.AbstractTransferListenerAdapter - Downloaded https://repo.maven.apache.org/maven2/org/apache/httpcomponents/project/7/project-7.pom
2019-04-08 17:37:00,834 [Worker-16] INFO  o.e.m.c.i.e.AbstractTransferListenerAdapter - Downloading https://repo.maven.apache.org/maven2/org/apache/httpcomponents/httpcore/4.4.6/httpcore-4.4.6.pom
2019-04-08 17:37:01,123 [Worker-16] INFO  o.e.m.c.i.e.AbstractTransferListenerAdapter - Downloaded https://repo.maven.apache.org/maven2/org/apache/httpcomponents/httpcore/4.4.6/httpcore-4.4.6.pom
2019-04-08 17:37:01,414 [Worker-16] INFO  o.e.m.c.i.e.AbstractTransferListenerAdapter - Downloading https://repo.maven.apache.org/maven2/org/apache/httpcomponents/httpcomponents-core/4.4.6/httpcomponents-core-4.4.6.pom
2019-04-08 17:37:01,699 [Worker-16] INFO  o.e.m.c.i.e.AbstractTransferListenerAdapter - Downloaded https://repo.maven.apache.org/maven2/org/apache/httpcomponents/httpcomponents-core/4.4.6/httpcomponents-core-4.4.6.pom
2019-04-08 17:37:01,990 [Worker-16] INFO  o.e.m.c.i.e.AbstractTransferListenerAdapter - Downloading https://repo.maven.apache.org/maven2/commons-codec/commons-codec/1.9/commons-codec-1.9.pom
2019-04-08 17:37:02,284 [Worker-16] INFO  o.e.m.c.i.e.AbstractTransferListenerAdapter - Downloaded https://repo.maven.apache.org/maven2/commons-codec/commons-codec/1.9/commons-codec-1.9.pom
2019-04-08 17:37:02,577 [Worker-16] INFO  o.e.m.c.i.e.AbstractTransferListenerAdapter - Downloading https://repo.maven.apache.org/maven2/org/apache/commons/commons-parent/32/commons-parent-32.pom
2019-04-08 17:37:03,406 [Worker-16] INFO  o.e.m.c.i.e.AbstractTransferListenerAdapter - Downloaded https://repo.maven.apache.org/maven2/org/apache/commons/commons-parent/32/commons-parent-32.pom
2019-04-08 17:37:03,694 [Worker-16] INFO  o.e.m.c.i.e.AbstractTransferListenerAdapter - Downloading https://repo.maven.apache.org/maven2/commons-httpclient/commons-httpclient/3.1/commons-httpclient-3.1.pom
2019-04-08 17:37:03,980 [Worker-16] INFO  o.e.m.c.i.e.AbstractTransferListenerAdapter - Downloaded https://repo.maven.apache.org/maven2/commons-httpclient/commons-httpclient/3.1/commons-httpclient-3.1.pom
2019-04-08 17:37:04,281 [Worker-16] INFO  o.e.m.c.i.e.AbstractTransferListenerAdapter - Downloading https://repo.maven.apache.org/maven2/commons-codec/commons-codec/1.2/commons-codec-1.2.pom
2019-04-08 17:37:04,574 [Worker-16] INFO  o.e.m.c.i.e.AbstractTransferListenerAdapter - Downloaded https://repo.maven.apache.org/maven2/commons-codec/commons-codec/1.2/commons-codec-1.2.pom
2019-04-08 17:37:04,877 [Worker-16] INFO  o.e.m.c.i.e.AbstractTransferListenerAdapter - Downloading https://repo.maven.apache.org/maven2/org/apache/ws/commons/schema/XmlSchema/1.4.7/XmlSchema-1.4.7.pom
2019-04-08 17:37:05,166 [Worker-16] INFO  o.e.m.c.i.e.AbstractTransferListenerAdapter - Downloaded https://repo.maven.apache.org/maven2/org/apache/ws/commons/schema/XmlSchema/1.4.7/XmlSchema-1.4.7.pom
2019-04-08 17:37:05,651 [Worker-16] INFO  o.e.m.c.i.e.AbstractTransferListenerAdapter - Downloading https://repo.maven.apache.org/maven2/org/springframework/spring-webmvc/4.0.6.RELEASE/spring-webmvc-4.0.6.RELEASE.jar
2019-04-08 17:37:11,915 [Worker-16] INFO  o.e.m.c.i.e.AbstractTransferListenerAdapter - Downloaded https://repo.maven.apache.org/maven2/org/springframework/spring-webmvc/4.0.6.RELEASE/spring-webmvc-4.0.6.RELEASE.jar
2019-04-08 17:37:12,208 [Worker-16] INFO  o.e.m.c.i.e.AbstractTransferListenerAdapter - Downloading https://repo.maven.apache.org/maven2/org/springframework/spring-beans/4.0.6.RELEASE/spring-beans-4.0.6.RELEASE.jar
2019-04-08 17:37:14,163 [Worker-16] INFO  o.e.m.c.i.e.AbstractTransferListenerAdapter - Downloaded https://repo.maven.apache.org/maven2/org/springframework/spring-beans/4.0.6.RELEASE/spring-beans-4.0.6.RELEASE.jar
2019-04-08 17:37:14,453 [Worker-16] INFO  o.e.m.c.i.e.AbstractTransferListenerAdapter - Downloading https://repo.maven.apache.org/maven2/org/springframework/spring-context/4.0.6.RELEASE/spring-context-4.0.6.RELEASE.jar
2019-04-08 17:37:16,083 [Worker-16] INFO  o.e.m.c.i.e.AbstractTransferListenerAdapter - Downloaded https://repo.maven.apache.org/maven2/org/springframework/spring-context/4.0.6.RELEASE/spring-context-4.0.6.RELEASE.jar
2019-04-08 17:37:16,364 [Worker-16] INFO  o.e.m.c.i.e.AbstractTransferListenerAdapter - Downloading https://repo.maven.apache.org/maven2/org/springframework/spring-aop/4.0.6.RELEASE/spring-aop-4.0.6.RELEASE.jar
2019-04-08 17:37:16,954 [Worker-16] INFO  o.e.m.c.i.e.AbstractTransferListenerAdapter - Downloaded https://repo.maven.apache.org/maven2/org/springframework/spring-aop/4.0.6.RELEASE/spring-aop-4.0.6.RELEASE.jar
2019-04-08 17:37:17,246 [Worker-16] INFO  o.e.m.c.i.e.AbstractTransferListenerAdapter - Downloading https://repo.maven.apache.org/maven2/org/springframework/spring-core/4.0.6.RELEASE/spring-core-4.0.6.RELEASE.jar
2019-04-08 17:37:18,906 [Worker-16] INFO  o.e.m.c.i.e.AbstractTransferListenerAdapter - Downloaded https://repo.maven.apache.org/maven2/org/springframework/spring-core/4.0.6.RELEASE/spring-core-4.0.6.RELEASE.jar
2019-04-08 17:37:19,183 [Worker-16] INFO  o.e.m.c.i.e.AbstractTransferListenerAdapter - Downloading https://repo.maven.apache.org/maven2/org/springframework/spring-expression/4.0.6.RELEASE/spring-expression-4.0.6.RELEASE.jar
2019-04-08 17:37:19,738 [Worker-16] INFO  o.e.m.c.i.e.AbstractTransferListenerAdapter - Downloaded https://repo.maven.apache.org/maven2/org/springframework/spring-expression/4.0.6.RELEASE/spring-expression-4.0.6.RELEASE.jar
2019-04-08 17:37:20,022 [Worker-16] INFO  o.e.m.c.i.e.AbstractTransferListenerAdapter - Downloading https://repo.maven.apache.org/maven2/org/springframework/spring-web/4.0.6.RELEASE/spring-web-4.0.6.RELEASE.jar
2019-04-08 17:37:21,422 [Worker-16] INFO  o.e.m.c.i.e.AbstractTransferListenerAdapter - Downloaded https://repo.maven.apache.org/maven2/org/springframework/spring-web/4.0.6.RELEASE/spring-web-4.0.6.RELEASE.jar
2019-04-08 17:37:21,699 [Worker-16] INFO  o.e.m.c.i.e.AbstractTransferListenerAdapter - Downloading https://repo.maven.apache.org/maven2/org/springframework/spring-jdbc/4.0.6.RELEASE/spring-jdbc-4.0.6.RELEASE.jar
2019-04-08 17:37:22,796 [Worker-16] INFO  o.e.m.c.i.e.AbstractTransferListenerAdapter - Downloaded https://repo.maven.apache.org/maven2/org/springframework/spring-jdbc/4.0.6.RELEASE/spring-jdbc-4.0.6.RELEASE.jar
2019-04-08 17:37:23,073 [Worker-16] INFO  o.e.m.c.i.e.AbstractTransferListenerAdapter - Downloading https://repo.maven.apache.org/maven2/org/springframework/spring-tx/4.0.6.RELEASE/spring-tx-4.0.6.RELEASE.jar
2019-04-08 17:37:23,635 [Worker-16] INFO  o.e.m.c.i.e.AbstractTransferListenerAdapter - Downloaded https://repo.maven.apache.org/maven2/org/springframework/spring-tx/4.0.6.RELEASE/spring-tx-4.0.6.RELEASE.jar
2019-04-08 17:37:23,911 [Worker-16] INFO  o.e.m.c.i.e.AbstractTransferListenerAdapter - Downloading https://repo.maven.apache.org/maven2/org/apache/axis2/axis2-xmlbeans/1.7.9/axis2-xmlbeans-1.7.9.jar
2019-04-08 17:37:24,268 [Worker-16] INFO  o.e.m.c.i.e.AbstractTransferListenerAdapter - Downloaded https://repo.maven.apache.org/maven2/org/apache/axis2/axis2-xmlbeans/1.7.9/axis2-xmlbeans-1.7.9.jar
2019-04-08 17:37:24,546 [Worker-16] INFO  o.e.m.c.i.e.AbstractTransferListenerAdapter - Downloading https://repo.maven.apache.org/maven2/org/apache/axis2/axis2-codegen/1.7.9/axis2-codegen-1.7.9.jar
2019-04-08 17:37:25,110 [Worker-16] INFO  o.e.m.c.i.e.AbstractTransferListenerAdapter - Downloaded https://repo.maven.apache.org/maven2/org/apache/axis2/axis2-codegen/1.7.9/axis2-codegen-1.7.9.jar
2019-04-08 17:37:25,394 [Worker-16] INFO  o.e.m.c.i.e.AbstractTransferListenerAdapter - Downloading https://repo.maven.apache.org/maven2/org/apache/axis2/axis2-adb/1.7.9/axis2-adb-1.7.9.jar
2019-04-08 17:37:26,820 [Worker-16] INFO  o.e.m.c.i.e.AbstractTransferListenerAdapter - Downloaded https://repo.maven.apache.org/maven2/org/apache/axis2/axis2-adb/1.7.9/axis2-adb-1.7.9.jar
2019-04-08 17:37:27,106 [Worker-16] INFO  o.e.m.c.i.e.AbstractTransferListenerAdapter - Downloading https://repo.maven.apache.org/maven2/org/apache/ws/commons/axiom/axiom-dom/1.2.21/axiom-dom-1.2.21.jar
2019-04-08 17:37:28,793 [Worker-16] INFO  o.e.m.c.i.e.AbstractTransferListenerAdapter - Downloaded https://repo.maven.apache.org/maven2/org/apache/ws/commons/axiom/axiom-dom/1.2.21/axiom-dom-1.2.21.jar
2019-04-08 17:37:29,083 [Worker-16] INFO  o.e.m.c.i.e.AbstractTransferListenerAdapter - Downloading https://repo.maven.apache.org/maven2/com/sun/xml/ws/jaxws-tools/2.2.6/jaxws-tools-2.2.6.jar
2019-04-08 17:37:30,861 [Worker-16] INFO  o.e.m.c.i.e.AbstractTransferListenerAdapter - Downloaded https://repo.maven.apache.org/maven2/com/sun/xml/ws/jaxws-tools/2.2.6/jaxws-tools-2.2.6.jar
2019-04-08 17:37:31,136 [Worker-16] INFO  o.e.m.c.i.e.AbstractTransferListenerAdapter - Downloading https://repo.maven.apache.org/maven2/org/apache/ws/commons/axiom/axiom-api/1.2.20/axiom-api-1.2.20.jar
2019-04-08 17:37:32,276 [Worker-16] INFO  o.e.m.c.i.e.AbstractTransferListenerAdapter - Downloaded https://repo.maven.apache.org/maven2/org/apache/ws/commons/axiom/axiom-api/1.2.20/axiom-api-1.2.20.jar
2019-04-08 17:37:32,551 [Worker-16] INFO  o.e.m.c.i.e.AbstractTransferListenerAdapter - Downloading https://repo.maven.apache.org/maven2/org/apache/geronimo/specs/geronimo-activation_1.1_spec/1.1/geronimo-activation_1.1_spec-1.1.jar
2019-04-08 17:37:32,840 [Worker-16] INFO  o.e.m.c.i.e.AbstractTransferListenerAdapter - Downloaded https://repo.maven.apache.org/maven2/org/apache/geronimo/specs/geronimo-activation_1.1_spec/1.1/geronimo-activation_1.1_spec-1.1.jar
2019-04-08 17:37:33,119 [Worker-16] INFO  o.e.m.c.i.e.AbstractTransferListenerAdapter - Downloading https://repo.maven.apache.org/maven2/jaxen/jaxen/1.1.6/jaxen-1.1.6.jar
2019-04-08 17:37:33,691 [Worker-16] INFO  o.e.m.c.i.e.AbstractTransferListenerAdapter - Downloaded https://repo.maven.apache.org/maven2/jaxen/jaxen/1.1.6/jaxen-1.1.6.jar
2019-04-08 17:37:33,971 [Worker-16] INFO  o.e.m.c.i.e.AbstractTransferListenerAdapter - Downloading https://repo.maven.apache.org/maven2/org/apache/geronimo/specs/geronimo-stax-api_1.0_spec/1.0.1/geronimo-stax-api_1.0_spec-1.0.1.jar
2019-04-08 17:37:34,257 [Worker-16] INFO  o.e.m.c.i.e.AbstractTransferListenerAdapter - Downloaded https://repo.maven.apache.org/maven2/org/apache/geronimo/specs/geronimo-stax-api_1.0_spec/1.0.1/geronimo-stax-api_1.0_spec-1.0.1.jar
2019-04-08 17:37:34,534 [Worker-16] INFO  o.e.m.c.i.e.AbstractTransferListenerAdapter - Downloading https://repo.maven.apache.org/maven2/org/apache/james/apache-mime4j-core/0.7.2/apache-mime4j-core-0.7.2.jar
2019-04-08 17:37:34,829 [Worker-16] INFO  o.e.m.c.i.e.AbstractTransferListenerAdapter - Downloaded https://repo.maven.apache.org/maven2/org/apache/james/apache-mime4j-core/0.7.2/apache-mime4j-core-0.7.2.jar
2019-04-08 17:37:35,112 [Worker-16] INFO  o.e.m.c.i.e.AbstractTransferListenerAdapter - Downloading https://repo.maven.apache.org/maven2/org/apache/ws/commons/axiom/axiom-impl/1.2.20/axiom-impl-1.2.20.jar
2019-04-08 17:37:36,482 [Worker-16] INFO  o.e.m.c.i.e.AbstractTransferListenerAdapter - Downloaded https://repo.maven.apache.org/maven2/org/apache/ws/commons/axiom/axiom-impl/1.2.20/axiom-impl-1.2.20.jar
2019-04-08 17:37:36,764 [Worker-16] INFO  o.e.m.c.i.e.AbstractTransferListenerAdapter - Downloading https://repo.maven.apache.org/maven2/org/codehaus/woodstox/woodstox-core-asl/4.2.0/woodstox-core-asl-4.2.0.jar
2019-04-08 17:37:37,889 [Worker-16] INFO  o.e.m.c.i.e.AbstractTransferListenerAdapter - Downloaded https://repo.maven.apache.org/maven2/org/codehaus/woodstox/woodstox-core-asl/4.2.0/woodstox-core-asl-4.2.0.jar
2019-04-08 17:37:38,173 [Worker-16] INFO  o.e.m.c.i.e.AbstractTransferListenerAdapter - Downloading https://repo.maven.apache.org/maven2/org/codehaus/woodstox/stax2-api/3.1.1/stax2-api-3.1.1.jar
2019-04-08 17:37:38,746 [Worker-16] INFO  o.e.m.c.i.e.AbstractTransferListenerAdapter - Downloaded https://repo.maven.apache.org/maven2/org/codehaus/woodstox/stax2-api/3.1.1/stax2-api-3.1.1.jar
2019-04-08 17:37:39,020 [Worker-16] INFO  o.e.m.c.i.e.AbstractTransferListenerAdapter - Downloading https://repo.maven.apache.org/maven2/wsdl4j/wsdl4j/1.6.2/wsdl4j-1.6.2.jar
2019-04-08 17:37:39,574 [Worker-16] INFO  o.e.m.c.i.e.AbstractTransferListenerAdapter - Downloaded https://repo.maven.apache.org/maven2/wsdl4j/wsdl4j/1.6.2/wsdl4j-1.6.2.jar
2019-04-08 17:37:39,848 [Worker-16] INFO  o.e.m.c.i.e.AbstractTransferListenerAdapter - Downloading https://repo.maven.apache.org/maven2/org/apache/neethi/neethi/3.0.3/neethi-3.0.3.jar
2019-04-08 17:37:40,146 [Worker-16] INFO  o.e.m.c.i.e.AbstractTransferListenerAdapter - Downloaded https://repo.maven.apache.org/maven2/org/apache/neethi/neethi/3.0.3/neethi-3.0.3.jar
2019-04-08 17:37:40,432 [Worker-16] INFO  o.e.m.c.i.e.AbstractTransferListenerAdapter - Downloading https://repo.maven.apache.org/maven2/org/apache/axis2/axis2-transport-local/1.7.9/axis2-transport-local-1.7.9.jar
2019-04-08 17:37:40,725 [Worker-16] INFO  o.e.m.c.i.e.AbstractTransferListenerAdapter - Downloaded https://repo.maven.apache.org/maven2/org/apache/axis2/axis2-transport-local/1.7.9/axis2-transport-local-1.7.9.jar
2019-04-08 17:37:41,015 [Worker-16] INFO  o.e.m.c.i.e.AbstractTransferListenerAdapter - Downloading https://repo.maven.apache.org/maven2/org/apache/axis2/axis2-kernel/1.7.9/axis2-kernel-1.7.9.jar
2019-04-08 17:37:44,583 [Worker-16] INFO  o.e.m.c.i.e.AbstractTransferListenerAdapter - Downloaded https://repo.maven.apache.org/maven2/org/apache/axis2/axis2-kernel/1.7.9/axis2-kernel-1.7.9.jar
2019-04-08 17:37:44,858 [Worker-16] INFO  o.e.m.c.i.e.AbstractTransferListenerAdapter - Downloading https://repo.maven.apache.org/maven2/org/apache/geronimo/specs/geronimo-ws-metadata_2.0_spec/1.1.2/geronimo-ws-metadata_2.0_spec-1.1.2.jar
2019-04-08 17:37:45,141 [Worker-16] INFO  o.e.m.c.i.e.AbstractTransferListenerAdapter - Downloaded https://repo.maven.apache.org/maven2/org/apache/geronimo/specs/geronimo-ws-metadata_2.0_spec/1.1.2/geronimo-ws-metadata_2.0_spec-1.1.2.jar
2019-04-08 17:37:45,413 [Worker-16] INFO  o.e.m.c.i.e.AbstractTransferListenerAdapter - Downloading https://repo.maven.apache.org/maven2/org/apache/geronimo/specs/geronimo-jta_1.1_spec/1.1/geronimo-jta_1.1_spec-1.1.jar
2019-04-08 17:37:45,702 [Worker-16] INFO  o.e.m.c.i.e.AbstractTransferListenerAdapter - Downloaded https://repo.maven.apache.org/maven2/org/apache/geronimo/specs/geronimo-jta_1.1_spec/1.1/geronimo-jta_1.1_spec-1.1.jar
2019-04-08 17:37:45,981 [Worker-16] INFO  o.e.m.c.i.e.AbstractTransferListenerAdapter - Downloading https://repo.maven.apache.org/maven2/javax/servlet/servlet-api/2.3/servlet-api-2.3.jar
2019-04-08 17:37:46,539 [Worker-16] INFO  o.e.m.c.i.e.AbstractTransferListenerAdapter - Downloaded https://repo.maven.apache.org/maven2/javax/servlet/servlet-api/2.3/servlet-api-2.3.jar
2019-04-08 17:37:46,823 [Worker-16] INFO  o.e.m.c.i.e.AbstractTransferListenerAdapter - Downloading https://repo.maven.apache.org/maven2/commons-fileupload/commons-fileupload/1.3.3/commons-fileupload-1.3.3.jar
2019-04-08 17:37:47,117 [Worker-16] INFO  o.e.m.c.i.e.AbstractTransferListenerAdapter - Downloaded https://repo.maven.apache.org/maven2/commons-fileupload/commons-fileupload/1.3.3/commons-fileupload-1.3.3.jar
2019-04-08 17:37:47,394 [Worker-16] INFO  o.e.m.c.i.e.AbstractTransferListenerAdapter - Downloading https://repo.maven.apache.org/maven2/org/apache/ws/xmlschema/xmlschema-core/2.2.1/xmlschema-core-2.2.1.jar
2019-04-08 17:37:47,965 [Worker-16] INFO  o.e.m.c.i.e.AbstractTransferListenerAdapter - Downloaded https://repo.maven.apache.org/maven2/org/apache/ws/xmlschema/xmlschema-core/2.2.1/xmlschema-core-2.2.1.jar
2019-04-08 17:37:48,250 [Worker-16] INFO  o.e.m.c.i.e.AbstractTransferListenerAdapter - Downloading https://repo.maven.apache.org/maven2/org/apache/woden/woden-core/1.0M10/woden-core-1.0M10.jar
2019-04-08 17:37:49,093 [Worker-16] INFO  o.e.m.c.i.e.AbstractTransferListenerAdapter - Downloaded https://repo.maven.apache.org/maven2/org/apache/woden/woden-core/1.0M10/woden-core-1.0M10.jar
2019-04-08 17:37:49,377 [Worker-16] INFO  o.e.m.c.i.e.AbstractTransferListenerAdapter - Downloading https://repo.maven.apache.org/maven2/javax/ws/rs/jsr311-api/1.1.1/jsr311-api-1.1.1.jar
2019-04-08 17:37:49,671 [Worker-16] INFO  o.e.m.c.i.e.AbstractTransferListenerAdapter - Downloaded https://repo.maven.apache.org/maven2/javax/ws/rs/jsr311-api/1.1.1/jsr311-api-1.1.1.jar
2019-04-08 17:37:49,949 [Worker-16] INFO  o.e.m.c.i.e.AbstractTransferListenerAdapter - Downloading https://repo.maven.apache.org/maven2/commons-io/commons-io/2.1/commons-io-2.1.jar
2019-04-08 17:37:51,584 [Worker-16] INFO  o.e.m.c.i.e.AbstractTransferListenerAdapter - Downloaded https://repo.maven.apache.org/maven2/commons-io/commons-io/2.1/commons-io-2.1.jar
2019-04-08 17:37:51,867 [Worker-16] INFO  o.e.m.c.i.e.AbstractTransferListenerAdapter - Downloading https://repo.maven.apache.org/maven2/org/apache/axis2/axis2-transport-http/1.7.9/axis2-transport-http-1.7.9.jar
2019-04-08 17:37:52,444 [Worker-16] INFO  o.e.m.c.i.e.AbstractTransferListenerAdapter - Downloaded https://repo.maven.apache.org/maven2/org/apache/axis2/axis2-transport-http/1.7.9/axis2-transport-http-1.7.9.jar
2019-04-08 17:37:52,737 [Worker-16] INFO  o.e.m.c.i.e.AbstractTransferListenerAdapter - Downloading https://repo.maven.apache.org/maven2/org/apache/httpcomponents/httpclient/4.5.3/httpclient-4.5.3.jar
2019-04-08 17:37:56,049 [Worker-16] INFO  o.e.m.c.i.e.AbstractTransferListenerAdapter - Downloaded https://repo.maven.apache.org/maven2/org/apache/httpcomponents/httpclient/4.5.3/httpclient-4.5.3.jar
2019-04-08 17:37:56,325 [Worker-16] INFO  o.e.m.c.i.e.AbstractTransferListenerAdapter - Downloading https://repo.maven.apache.org/maven2/org/apache/httpcomponents/httpcore/4.4.6/httpcore-4.4.6.jar
2019-04-08 17:37:57,984 [Worker-16] INFO  o.e.m.c.i.e.AbstractTransferListenerAdapter - Downloaded https://repo.maven.apache.org/maven2/org/apache/httpcomponents/httpcore/4.4.6/httpcore-4.4.6.jar
2019-04-08 17:37:58,268 [Worker-16] INFO  o.e.m.c.i.e.AbstractTransferListenerAdapter - Downloading https://repo.maven.apache.org/maven2/commons-codec/commons-codec/1.9/commons-codec-1.9.jar
2019-04-08 17:37:59,379 [Worker-16] INFO  o.e.m.c.i.e.AbstractTransferListenerAdapter - Downloaded https://repo.maven.apache.org/maven2/commons-codec/commons-codec/1.9/commons-codec-1.9.jar
2019-04-08 17:37:59,661 [Worker-16] INFO  o.e.m.c.i.e.AbstractTransferListenerAdapter - Downloading https://repo.maven.apache.org/maven2/commons-httpclient/commons-httpclient/3.1/commons-httpclient-3.1.jar
2019-04-08 17:38:00,784 [Worker-16] INFO  o.e.m.c.i.e.AbstractTransferListenerAdapter - Downloaded https://repo.maven.apache.org/maven2/commons-httpclient/commons-httpclient/3.1/commons-httpclient-3.1.jar
2019-04-08 17:38:01,070 [Worker-16] INFO  o.e.m.c.i.e.AbstractTransferListenerAdapter - Downloading https://repo.maven.apache.org/maven2/org/apache/ws/commons/schema/XmlSchema/1.4.7/XmlSchema-1.4.7.jar
2019-04-08 17:38:01,641 [Worker-16] INFO  o.e.m.c.i.e.AbstractTransferListenerAdapter - Downloaded https://repo.maven.apache.org/maven2/org/apache/ws/commons/schema/XmlSchema/1.4.7/XmlSchema-1.4.7.jar
2019-04-08 17:38:02,633 [Worker-16] WARN  o.e.a.i.i.DefaultRepositoryEventDispatcher - Failed to dispatch repository event to org.eclipse.m2e.core.internal.embedder.EclipseRepositoryListener: null
2019-04-08 17:38:03,545 [Worker-16] WARN  o.e.a.i.i.DefaultRepositoryEventDispatcher - Failed to dispatch repository event to org.eclipse.m2e.core.internal.embedder.EclipseRepositoryListener: null
2019-04-08 17:38:04,908 [Worker-16] WARN  o.e.a.i.i.DefaultRepositoryEventDispatcher - Failed to dispatch repository event to org.eclipse.m2e.core.internal.embedder.EclipseRepositoryListener: null
2019-04-08 17:38:05,648 [Worker-16] WARN  o.e.a.i.i.DefaultRepositoryEventDispatcher - Failed to dispatch repository event to org.eclipse.m2e.core.internal.embedder.EclipseRepositoryListener: null
2019-04-08 17:38:06,802 [Worker-16] WARN  o.e.a.i.i.DefaultRepositoryEventDispatcher - Failed to dispatch repository event to org.eclipse.m2e.core.internal.embedder.EclipseRepositoryListener: null
2019-04-08 17:38:07,892 [Worker-16] WARN  o.e.a.i.i.DefaultRepositoryEventDispatcher - Failed to dispatch repository event to org.eclipse.m2e.core.internal.embedder.EclipseRepositoryListener: null
2019-04-08 17:38:08,840 [Worker-16] WARN  o.e.a.i.i.DefaultRepositoryEventDispatcher - Failed to dispatch repository event to org.eclipse.m2e.core.internal.embedder.EclipseRepositoryListener: null
2019-04-08 17:38:09,952 [Worker-16] WARN  o.e.a.i.i.DefaultRepositoryEventDispatcher - Failed to dispatch repository event to org.eclipse.m2e.core.internal.embedder.EclipseRepositoryListener: null
2019-04-08 17:38:14,082 [Worker-16] ERROR o.e.m.c.i.p.ProjectConfigurationManager - Failed while installing JAX-RS (REST Web Services) 1.1.
org.eclipse.wst.common.project.facet.core.FacetedProjectFrameworkException: Failed while installing JAX-RS (REST Web Services) 1.1.
	at org.eclipse.wst.common.project.facet.core.internal.FacetedProject.callDelegate(FacetedProject.java:1507) ~[na:na]
	at org.eclipse.wst.common.project.facet.core.internal.FacetedProject.modifyInternal(FacetedProject.java:441) ~[na:na]
	at org.eclipse.wst.common.project.facet.core.internal.FacetedProject.mergeChangesInternal(FacetedProject.java:1181) ~[na:na]
	at org.eclipse.wst.common.project.facet.core.internal.FacetedProject.access$2(FacetedProject.java:1117) ~[na:na]
	at org.eclipse.wst.common.project.facet.core.internal.FacetedProject$1.run(FacetedProject.java:324) ~[na:na]
	at org.eclipse.core.internal.resources.Workspace.run(Workspace.java:2240) ~[org.eclipse.core.resources_3.12.0.v20170417-1558.jar:na]
	at org.eclipse.core.internal.resources.Workspace.run(Workspace.java:2267) ~[org.eclipse.core.resources_3.12.0.v20170417-1558.jar:na]
	at org.eclipse.wst.common.project.facet.core.internal.FacetedProject.modify(FacetedProject.java:339) ~[na:na]
	at org.eclipse.wst.common.project.facet.core.internal.FacetedProject.installProjectFacet(FacetedProject.java:255) ~[na:na]
	at org.eclipse.m2e.wtp.jaxrs.internal.configurators.JaxRsProjectConfigurator.installJaxRsFacet(JaxRsProjectConfigurator.java:131) ~[na:na]
	at org.eclipse.m2e.wtp.jaxrs.internal.configurators.JaxRsProjectConfigurator.configureInternal(JaxRsProjectConfigurator.java:91) ~[na:na]
	at org.eclipse.m2e.wtp.jaxrs.internal.configurators.JaxRsProjectConfigurator.mavenProjectChanged(JaxRsProjectConfigurator.java:179) ~[na:na]
	at org.eclipse.m2e.core.internal.project.ProjectConfigurationManager.mavenProjectChanged(ProjectConfigurationManager.java:1036) ~[org.eclipse.m2e.core_1.8.3.20180227-2137.jar:na]
	at org.eclipse.m2e.core.internal.project.registry.ProjectRegistryManager.notifyProjectChangeListeners(ProjectRegistryManager.java:783) [org.eclipse.m2e.core_1.8.3.20180227-2137.jar:na]
	at org.eclipse.m2e.core.internal.project.registry.ProjectRegistryManager.applyMutableProjectRegistry(ProjectRegistryManager.java:930) [org.eclipse.m2e.core_1.8.3.20180227-2137.jar:na]
	at org.eclipse.m2e.core.internal.project.registry.ProjectRegistryManager.refresh(ProjectRegistryManager.java:300) [org.eclipse.m2e.core_1.8.3.20180227-2137.jar:na]
	at org.eclipse.m2e.core.internal.builder.MavenBuilder$BuildMethod.getProjectFacade(MavenBuilder.java:154) [org.eclipse.m2e.core_1.8.3.20180227-2137.jar:na]
	at org.eclipse.m2e.core.internal.builder.MavenBuilder$BuildMethod$1.call(MavenBuilder.java:89) [org.eclipse.m2e.core_1.8.3.20180227-2137.jar:na]
	at org.eclipse.m2e.core.internal.embedder.MavenExecutionContext.executeBare(MavenExecutionContext.java:177) [org.eclipse.m2e.core_1.8.3.20180227-2137.jar:na]
	at org.eclipse.m2e.core.internal.embedder.MavenExecutionContext.execute(MavenExecutionContext.java:151) [org.eclipse.m2e.core_1.8.3.20180227-2137.jar:na]
	at org.eclipse.m2e.core.internal.embedder.MavenExecutionContext.execute(MavenExecutionContext.java:99) [org.eclipse.m2e.core_1.8.3.20180227-2137.jar:na]
	at org.eclipse.m2e.core.internal.builder.MavenBuilder$BuildMethod.execute(MavenBuilder.java:86) [org.eclipse.m2e.core_1.8.3.20180227-2137.jar:na]
	at org.eclipse.m2e.core.internal.builder.MavenBuilder.build(MavenBuilder.java:200) [org.eclipse.m2e.core_1.8.3.20180227-2137.jar:na]
	at org.eclipse.core.internal.events.BuildManager$2.run(BuildManager.java:735) [org.eclipse.core.resources_3.12.0.v20170417-1558.jar:na]
	at org.eclipse.core.runtime.SafeRunner.run(SafeRunner.java:42) [org.eclipse.equinox.common_3.9.0.v20170207-1454.jar:na]
	at org.eclipse.core.internal.events.BuildManager.basicBuild(BuildManager.java:206) [org.eclipse.core.resources_3.12.0.v20170417-1558.jar:na]
	at org.eclipse.core.internal.events.BuildManager.basicBuild(BuildManager.java:246) [org.eclipse.core.resources_3.12.0.v20170417-1558.jar:na]
	at org.eclipse.core.internal.events.BuildManager$1.run(BuildManager.java:301) [org.eclipse.core.resources_3.12.0.v20170417-1558.jar:na]
	at org.eclipse.core.runtime.SafeRunner.run(SafeRunner.java:42) [org.eclipse.equinox.common_3.9.0.v20170207-1454.jar:na]
	at org.eclipse.core.internal.events.BuildManager.basicBuild(BuildManager.java:304) [org.eclipse.core.resources_3.12.0.v20170417-1558.jar:na]
	at org.eclipse.core.internal.events.BuildManager.basicBuildLoop(BuildManager.java:360) [org.eclipse.core.resources_3.12.0.v20170417-1558.jar:na]
	at org.eclipse.core.internal.events.BuildManager.build(BuildManager.java:383) [org.eclipse.core.resources_3.12.0.v20170417-1558.jar:na]
	at org.eclipse.core.internal.events.AutoBuildJob.doBuild(AutoBuildJob.java:142) [org.eclipse.core.resources_3.12.0.v20170417-1558.jar:na]
	at org.eclipse.core.internal.events.AutoBuildJob.run(AutoBuildJob.java:232) [org.eclipse.core.resources_3.12.0.v20170417-1558.jar:na]
	at org.eclipse.core.internal.jobs.Worker.run(Worker.java:56) [org.eclipse.core.jobs_3.9.3.v20180115-1757.jar:na]
Caused by: org.eclipse.jst.ws.jaxrs.core.internal.project.facet.JAXRSFacetException: 'DemoWS_Client' : unable to configure web module for JAX-RS 
	at org.eclipse.jst.ws.jaxrs.core.internal.project.facet.JAXRSFacetInstallDelegate.execute(JAXRSFacetInstallDelegate.java:103) ~[na:na]
	at org.eclipse.wst.common.project.facet.core.internal.FacetedProject.callDelegate(FacetedProject.java:1477) ~[na:na]
	... 34 common frames omitted
2019-04-08 17:38:16,568 [Worker-16] INFO  o.e.m.c.i.embedder.EclipseLogger - Using 'UTF-8' encoding to copy filtered resources.
2019-04-08 17:38:16,572 [Worker-16] INFO  o.e.m.c.i.embedder.EclipseLogger - Copying 1 resource
2019-04-08 17:38:16,598 [Worker-16] INFO  o.e.m.c.i.embedder.EclipseLogger - Copying 408 resources
2019-04-08 17:38:19,865 [Worker-10] INFO  o.e.m.c.i.l.LifecycleMappingFactory - Using org.eclipse.m2e.jdt.JarLifecycleMapping lifecycle mapping for MavenProject: com.dxc:DemoWS:1.0 @ C:\Users\training\Desktop\H\DemoWS\pom.xml.
2019-04-08 17:38:20,035 [Worker-10] INFO  o.e.m.c.i.l.LifecycleMappingFactory - Using org.maven.ide.eclipse.wtp.WarLifecycleMapping lifecycle mapping for MavenProject: com.dxc:DemoWS_Client:1.0 @ C:\Users\training\Desktop\H\DemoWS_Client\pom.xml.
2019-04-08 17:38:21,480 [Worker-16] INFO  o.e.m.c.i.embedder.EclipseLogger - Using 'UTF-8' encoding to copy filtered resources.
2019-04-08 17:38:21,481 [Worker-16] INFO  o.e.m.c.i.embedder.EclipseLogger - skip non existing resourceDirectory C:\Users\training\Desktop\H\DemoWS_Client\src\test\resources
2019-04-08 17:38:26,752 [Worker-1] INFO  o.e.m.c.i.embedder.EclipseLogger - Using 'UTF-8' encoding to copy filtered resources.
2019-04-08 17:38:26,788 [Worker-1] INFO  o.e.m.c.i.embedder.EclipseLogger - Copying 1 resource
2019-04-08 17:38:26,813 [Worker-1] INFO  o.e.m.c.i.embedder.EclipseLogger - Using 'UTF-8' encoding to copy filtered resources.
2019-04-08 17:38:26,813 [Worker-1] INFO  o.e.m.c.i.embedder.EclipseLogger - skip non existing resourceDirectory C:\Users\training\Desktop\H\DemoWS\src\test\resources
2019-04-08 17:38:28,045 [Worker-1] INFO  o.e.m.c.i.embedder.EclipseLogger - Using 'UTF-8' encoding to copy filtered resources.
2019-04-08 17:38:28,046 [Worker-1] INFO  o.e.m.c.i.embedder.EclipseLogger - Copying 0 resource
2019-04-08 17:38:28,046 [Worker-1] INFO  o.e.m.c.i.embedder.EclipseLogger - Copying 0 resource
2019-04-08 17:38:28,049 [Worker-1] INFO  o.e.m.c.i.embedder.EclipseLogger - Using 'UTF-8' encoding to copy filtered resources.
2019-04-08 17:38:28,049 [Worker-1] INFO  o.e.m.c.i.embedder.EclipseLogger - skip non existing resourceDirectory C:\Users\training\Desktop\H\DemoWS_Client\src\test\resources
2019-04-08 18:05:11,365 [Worker-36] INFO  o.e.m.c.i.embedder.EclipseLogger - Using 'UTF-8' encoding to copy filtered resources.
2019-04-08 18:05:11,368 [Worker-36] INFO  o.e.m.c.i.embedder.EclipseLogger - Copying 0 resource
2019-04-08 18:05:11,370 [Worker-36] INFO  o.e.m.c.i.embedder.EclipseLogger - Using 'UTF-8' encoding to copy filtered resources.
2019-04-08 18:05:11,371 [Worker-36] INFO  o.e.m.c.i.embedder.EclipseLogger - skip non existing resourceDirectory C:\Users\training\Desktop\H\DemoWS\src\test\resources
2019-04-08 18:05:11,384 [Worker-36] INFO  o.e.m.c.i.embedder.EclipseLogger - Using 'UTF-8' encoding to copy filtered resources.
2019-04-08 18:05:11,384 [Worker-36] INFO  o.e.m.c.i.embedder.EclipseLogger - Copying 0 resource
2019-04-08 18:05:11,386 [Worker-36] INFO  o.e.m.c.i.embedder.EclipseLogger - Copying 0 resource
2019-04-08 18:05:11,387 [Worker-36] INFO  o.e.m.c.i.embedder.EclipseLogger - Using 'UTF-8' encoding to copy filtered resources.
2019-04-08 18:05:11,388 [Worker-36] INFO  o.e.m.c.i.embedder.EclipseLogger - skip non existing resourceDirectory C:\Users\training\Desktop\H\DemoWS_Client\src\test\resources
2019-04-08 18:06:45,972 [main] INFO  o.e.m2e.actions.ExecutePomAction - Creating new launch configuration
2019-04-08 18:07:00,653 [Worker-33] INFO  o.e.m.i.launch.MavenLaunchDelegate - C:\Users\training\Desktop\H\DemoWS_Client
2019-04-08 18:07:00,654 [Worker-33] INFO  o.e.m.i.launch.MavenLaunchDelegate -  mvn -B eclipse:ecplise
2019-04-08 18:07:25,375 [main] INFO  o.e.m2e.actions.ExecutePomAction - Using existing launch configuration
2019-04-08 18:07:25,619 [Worker-33] INFO  o.e.m.i.launch.MavenLaunchDelegate - C:\Users\training\Desktop\H\DemoWS_Client
2019-04-08 18:07:25,619 [Worker-33] INFO  o.e.m.i.launch.MavenLaunchDelegate -  mvn -B eclipse:ecplise
2019-04-08 18:07:32,638 [main] INFO  o.e.m2e.actions.ExecutePomAction - Creating new launch configuration
2019-04-08 18:07:42,349 [Worker-35] INFO  o.e.m.i.launch.MavenLaunchDelegate - C:\Users\training\Desktop\H\DemoWS_Client
2019-04-08 18:07:42,350 [Worker-35] INFO  o.e.m.i.launch.MavenLaunchDelegate -  mvn -B eclipse:eclipse
2019-04-08 18:12:00,038 [Worker-36] INFO  o.e.m.c.i.embedder.EclipseLogger - Using 'UTF-8' encoding to copy filtered resources.
2019-04-08 18:12:00,038 [Worker-36] INFO  o.e.m.c.i.embedder.EclipseLogger - Copying 0 resource
2019-04-08 18:12:00,038 [Worker-36] INFO  o.e.m.c.i.embedder.EclipseLogger - Copying 0 resource
2019-04-08 18:12:00,038 [Worker-36] INFO  o.e.m.c.i.embedder.EclipseLogger - Using 'UTF-8' encoding to copy filtered resources.
2019-04-08 18:12:00,038 [Worker-36] INFO  o.e.m.c.i.embedder.EclipseLogger - skip non existing resourceDirectory C:\Users\training\Desktop\H\DemoWS_Client\src\test\resources
2019-04-08 18:12:07,379 [Worker-26] INFO  o.e.m.c.i.embedder.EclipseLogger - Using 'UTF-8' encoding to copy filtered resources.
2019-04-08 18:12:07,379 [Worker-26] INFO  o.e.m.c.i.embedder.EclipseLogger - Copying 0 resource
2019-04-08 18:12:07,379 [Worker-26] INFO  o.e.m.c.i.embedder.EclipseLogger - Copying 0 resource
2019-04-08 18:12:07,379 [Worker-26] INFO  o.e.m.c.i.embedder.EclipseLogger - Using 'UTF-8' encoding to copy filtered resources.
2019-04-08 18:12:07,379 [Worker-26] INFO  o.e.m.c.i.embedder.EclipseLogger - skip non existing resourceDirectory C:\Users\training\Desktop\H\DemoWS_Client\src\test\resources
2019-04-08 18:13:12,719 [Worker-42] INFO  o.e.m.i.launch.MavenLaunchDelegate - C:\Users\training\Desktop\H\DemoWS_Client
2019-04-08 18:13:12,719 [Worker-42] INFO  o.e.m.i.launch.MavenLaunchDelegate -  mvn -B clean
2019-04-08 18:13:19,975 [Worker-36] INFO  o.e.m.c.i.embedder.EclipseLogger - Using 'UTF-8' encoding to copy filtered resources.
2019-04-08 18:13:19,975 [Worker-36] INFO  o.e.m.c.i.embedder.EclipseLogger - Copying 1 resource
2019-04-08 18:13:19,991 [Worker-36] INFO  o.e.m.c.i.embedder.EclipseLogger - skip non existing resourceDirectory C:\Users\training\Desktop\H\DemoWS_Client\target\generated-sources\axis2\wsdl2code\resources
2019-04-08 18:13:19,991 [Worker-36] INFO  o.e.m.c.i.embedder.EclipseLogger - Using 'UTF-8' encoding to copy filtered resources.
2019-04-08 18:13:19,991 [Worker-36] INFO  o.e.m.c.i.embedder.EclipseLogger - skip non existing resourceDirectory C:\Users\training\Desktop\H\DemoWS_Client\src\test\resources
2019-04-08 18:13:19,991 [Worker-36] INFO  o.e.m.w.i.f.ResourceFilteringBuildParticipant - Changed resources require a complete clean of filtered resources of DemoWS_Client
2019-04-08 18:13:19,991 [Worker-36] INFO  o.e.m.w.i.f.ResourceFilteringBuildParticipant - Executing resource filtering for DemoWS_Client
2019-04-08 18:13:20,053 [Worker-36] INFO  o.e.m.c.i.embedder.EclipseLogger - Using 'UTF-8' encoding to copy filtered resources.
2019-04-08 18:13:29,056 [Worker-43] INFO  o.e.m.i.launch.MavenLaunchDelegate - C:\Users\training\Desktop\H\DemoWS_Client
2019-04-08 18:13:29,057 [Worker-43] INFO  o.e.m.i.launch.MavenLaunchDelegate -  mvn -B generate-sources
2019-04-08 18:13:34,037 [Worker-42] INFO  o.e.m.c.i.embedder.EclipseLogger - Using 'UTF-8' encoding to copy filtered resources.
2019-04-08 18:13:34,039 [Worker-42] INFO  o.e.m.c.i.embedder.EclipseLogger - Copying 0 resource
2019-04-08 18:13:34,041 [Worker-42] INFO  o.e.m.c.i.embedder.EclipseLogger - skip non existing resourceDirectory C:\Users\training\Desktop\H\DemoWS_Client\target\generated-sources\axis2\wsdl2code\resources
2019-04-08 18:13:34,042 [Worker-42] INFO  o.e.m.c.i.embedder.EclipseLogger - Using 'UTF-8' encoding to copy filtered resources.
2019-04-08 18:13:34,043 [Worker-42] INFO  o.e.m.c.i.embedder.EclipseLogger - skip non existing resourceDirectory C:\Users\training\Desktop\H\DemoWS_Client\src\test\resources
2019-04-08 18:17:14,585 [Worker-26] INFO  o.e.m.c.i.l.LifecycleMappingFactory - Using org.maven.ide.eclipse.wtp.WarLifecycleMapping lifecycle mapping for MavenProject: com.dxc:DemoWS_Client:1.0 @ C:\Users\training\Desktop\H\DemoWS_Client\pom.xml.
2019-04-08 18:17:17,407 [Worker-26] INFO  o.e.m.c.i.embedder.EclipseLogger - Using 'UTF-8' encoding to copy filtered resources.
2019-04-08 18:17:17,407 [Worker-26] INFO  o.e.m.c.i.embedder.EclipseLogger - Copying 0 resource
2019-04-08 18:17:17,423 [Worker-26] INFO  o.e.m.c.i.embedder.EclipseLogger - skip non existing resourceDirectory C:\Users\training\Desktop\H\DemoWS_Client\target\generated-sources\axis2\wsdl2code\resources
2019-04-08 18:17:17,423 [Worker-26] INFO  o.e.m.c.i.embedder.EclipseLogger - Using 'UTF-8' encoding to copy filtered resources.
2019-04-08 18:17:17,423 [Worker-26] INFO  o.e.m.c.i.embedder.EclipseLogger - skip non existing resourceDirectory C:\Users\training\Desktop\H\DemoWS_Client\src\test\resources
2019-04-08 18:17:17,423 [Worker-26] INFO  o.e.m.w.i.f.ResourceFilteringBuildParticipant - Changed resources require a complete clean of filtered resources of DemoWS_Client
2019-04-08 18:17:17,423 [Worker-26] INFO  o.e.m.w.i.f.ResourceFilteringBuildParticipant - Executing resource filtering for DemoWS_Client
2019-04-08 18:17:17,423 [Worker-26] INFO  o.e.m.c.i.embedder.EclipseLogger - Using 'UTF-8' encoding to copy filtered resources.
2019-04-08 18:17:21,490 [Worker-44] INFO  o.e.m.i.launch.MavenLaunchDelegate - C:\Users\training\Desktop\H\DemoWS_Client
2019-04-08 18:17:21,490 [Worker-44] INFO  o.e.m.i.launch.MavenLaunchDelegate -  mvn -B generate-sources
2019-04-08 18:18:26,791 [Worker-42] INFO  o.e.m.c.i.l.LifecycleMappingFactory - Using org.maven.ide.eclipse.wtp.WarLifecycleMapping lifecycle mapping for MavenProject: com.dxc:DemoWS_Client:1.0 @ C:\Users\training\Desktop\H\DemoWS_Client\pom.xml.
2019-04-08 18:18:28,892 [Worker-42] INFO  o.e.m.c.i.embedder.EclipseLogger - Using 'UTF-8' encoding to copy filtered resources.
2019-04-08 18:18:28,893 [Worker-42] INFO  o.e.m.c.i.embedder.EclipseLogger - Copying 0 resource
2019-04-08 18:18:28,893 [Worker-42] INFO  o.e.m.c.i.embedder.EclipseLogger - skip non existing resourceDirectory C:\Users\training\Desktop\H\DemoWS_Client\target\generated-sources\axis2\wsdl2code\resources
2019-04-08 18:18:28,896 [Worker-42] INFO  o.e.m.c.i.embedder.EclipseLogger - Using 'UTF-8' encoding to copy filtered resources.
2019-04-08 18:18:28,896 [Worker-42] INFO  o.e.m.c.i.embedder.EclipseLogger - skip non existing resourceDirectory C:\Users\training\Desktop\H\DemoWS_Client\src\test\resources
2019-04-08 18:18:28,897 [Worker-42] INFO  o.e.m.w.i.f.ResourceFilteringBuildParticipant - Changed resources require a complete clean of filtered resources of DemoWS_Client
2019-04-08 18:18:28,897 [Worker-42] INFO  o.e.m.w.i.f.ResourceFilteringBuildParticipant - Executing resource filtering for DemoWS_Client
2019-04-08 18:18:28,902 [Worker-42] INFO  o.e.m.c.i.embedder.EclipseLogger - Using 'UTF-8' encoding to copy filtered resources.
2019-04-08 18:18:45,647 [Worker-42] INFO  o.e.m.i.launch.MavenLaunchDelegate - C:\Users\training\Desktop\H\DemoWS_Client
2019-04-08 18:18:45,647 [Worker-42] INFO  o.e.m.i.launch.MavenLaunchDelegate -  mvn -B clean
2019-04-08 18:18:49,247 [Worker-45] INFO  o.e.m.c.i.embedder.EclipseLogger - Using 'UTF-8' encoding to copy filtered resources.
2019-04-08 18:18:49,247 [Worker-45] INFO  o.e.m.c.i.embedder.EclipseLogger - Copying 1 resource
2019-04-08 18:18:49,247 [Worker-45] INFO  o.e.m.c.i.embedder.EclipseLogger - skip non existing resourceDirectory C:\Users\training\Desktop\H\DemoWS_Client\target\generated-sources\axis2\wsdl2code\resources
2019-04-08 18:18:49,263 [Worker-45] INFO  o.e.m.c.i.embedder.EclipseLogger - Using 'UTF-8' encoding to copy filtered resources.
2019-04-08 18:18:49,263 [Worker-45] INFO  o.e.m.c.i.embedder.EclipseLogger - skip non existing resourceDirectory C:\Users\training\Desktop\H\DemoWS_Client\src\test\resources
2019-04-08 18:18:49,263 [Worker-45] INFO  o.e.m.w.i.f.ResourceFilteringBuildParticipant - Changed resources require a complete clean of filtered resources of DemoWS_Client
2019-04-08 18:18:49,263 [Worker-45] INFO  o.e.m.w.i.f.ResourceFilteringBuildParticipant - Executing resource filtering for DemoWS_Client
2019-04-08 18:18:49,263 [Worker-45] INFO  o.e.m.c.i.embedder.EclipseLogger - Using 'UTF-8' encoding to copy filtered resources.
2019-04-08 18:19:02,386 [Worker-33] INFO  o.e.m.c.i.l.LifecycleMappingFactory - Using org.maven.ide.eclipse.wtp.WarLifecycleMapping lifecycle mapping for MavenProject: com.dxc:DemoWS_Client:1.0 @ C:\Users\training\Desktop\H\DemoWS_Client\pom.xml.
2019-04-08 18:19:04,343 [Worker-33] INFO  o.e.m.c.i.embedder.EclipseLogger - Using 'UTF-8' encoding to copy filtered resources.
2019-04-08 18:19:04,343 [Worker-33] INFO  o.e.m.c.i.embedder.EclipseLogger - Copying 0 resource
2019-04-08 18:19:04,343 [Worker-33] INFO  o.e.m.c.i.embedder.EclipseLogger - skip non existing resourceDirectory C:\Users\training\Desktop\H\DemoWS_Client\target\generated-sources\axis2\wsdl2code\resources
2019-04-08 18:19:04,343 [Worker-33] INFO  o.e.m.c.i.embedder.EclipseLogger - Using 'UTF-8' encoding to copy filtered resources.
2019-04-08 18:19:04,343 [Worker-33] INFO  o.e.m.c.i.embedder.EclipseLogger - skip non existing resourceDirectory C:\Users\training\Desktop\H\DemoWS_Client\src\test\resources
2019-04-08 18:19:04,343 [Worker-33] INFO  o.e.m.w.i.f.ResourceFilteringBuildParticipant - Changed resources require a complete clean of filtered resources of DemoWS_Client
2019-04-08 18:19:04,343 [Worker-33] INFO  o.e.m.w.i.f.ResourceFilteringBuildParticipant - Executing resource filtering for DemoWS_Client
2019-04-08 18:19:04,343 [Worker-33] INFO  o.e.m.c.i.embedder.EclipseLogger - Using 'UTF-8' encoding to copy filtered resources.
2019-04-08 18:19:08,194 [Worker-44] INFO  o.e.m.i.launch.MavenLaunchDelegate - C:\Users\training\Desktop\H\DemoWS_Client
2019-04-08 18:19:08,194 [Worker-44] INFO  o.e.m.i.launch.MavenLaunchDelegate -  mvn -B generate-sources
2019-04-08 18:19:13,778 [Worker-39] INFO  o.e.m.c.i.embedder.EclipseLogger - Using 'UTF-8' encoding to copy filtered resources.
2019-04-08 18:19:13,778 [Worker-39] INFO  o.e.m.c.i.embedder.EclipseLogger - Copying 0 resource
2019-04-08 18:19:13,778 [Worker-39] INFO  o.e.m.c.i.embedder.EclipseLogger - skip non existing resourceDirectory C:\Users\training\Desktop\H\DemoWS_Client\target\generated-sources\axis2\wsdl2code\resources
2019-04-08 18:19:13,794 [Worker-39] INFO  o.e.m.c.i.embedder.EclipseLogger - Using 'UTF-8' encoding to copy filtered resources.
2019-04-08 18:19:13,794 [Worker-39] INFO  o.e.m.c.i.embedder.EclipseLogger - skip non existing resourceDirectory C:\Users\training\Desktop\H\DemoWS_Client\src\test\resources
2019-04-08 18:19:38,423 [Worker-33] INFO  o.e.m.i.launch.MavenLaunchDelegate - C:\Users\training\Desktop\H\DemoWS_Client
2019-04-08 18:19:38,423 [Worker-33] INFO  o.e.m.i.launch.MavenLaunchDelegate -  mvn -B generate-sources
2019-04-08 18:20:43,869 [Worker-36] INFO  o.e.m.c.i.l.LifecycleMappingFactory - Using org.maven.ide.eclipse.wtp.WarLifecycleMapping lifecycle mapping for MavenProject: com.dxc:DemoWS_Client:1.0 @ C:\Users\training\Desktop\H\DemoWS_Client\pom.xml.
2019-04-08 18:20:45,891 [Worker-36] INFO  o.e.m.c.i.embedder.EclipseLogger - Using 'UTF-8' encoding to copy filtered resources.
2019-04-08 18:20:45,891 [Worker-36] INFO  o.e.m.c.i.embedder.EclipseLogger - Copying 0 resource
2019-04-08 18:20:45,891 [Worker-36] INFO  o.e.m.c.i.embedder.EclipseLogger - skip non existing resourceDirectory C:\Users\training\Desktop\H\DemoWS_Client\target\generated-sources\axis2\wsdl2code\resources
2019-04-08 18:20:45,891 [Worker-36] INFO  o.e.m.c.i.embedder.EclipseLogger - Using 'UTF-8' encoding to copy filtered resources.
2019-04-08 18:20:45,891 [Worker-36] INFO  o.e.m.c.i.embedder.EclipseLogger - skip non existing resourceDirectory C:\Users\training\Desktop\H\DemoWS_Client\src\test\resources
2019-04-08 18:20:45,891 [Worker-36] INFO  o.e.m.w.i.f.ResourceFilteringBuildParticipant - Changed resources require a complete clean of filtered resources of DemoWS_Client
2019-04-08 18:20:45,891 [Worker-36] INFO  o.e.m.w.i.f.ResourceFilteringBuildParticipant - Executing resource filtering for DemoWS_Client
2019-04-08 18:20:45,906 [Worker-36] INFO  o.e.m.c.i.embedder.EclipseLogger - Using 'UTF-8' encoding to copy filtered resources.
2019-04-08 18:21:01,307 [Worker-39] INFO  o.e.m.c.i.embedder.EclipseLogger - Using 'UTF-8' encoding to copy filtered resources.
2019-04-08 18:21:01,307 [Worker-39] INFO  o.e.m.c.i.embedder.EclipseLogger - Copying 0 resource
2019-04-08 18:21:01,322 [Worker-39] INFO  o.e.m.c.i.embedder.EclipseLogger - skip non existing resourceDirectory C:\Users\training\Desktop\H\DemoWS_Client\target\generated-sources\axis2\wsdl2code\resources
2019-04-08 18:21:01,322 [Worker-39] INFO  o.e.m.c.i.embedder.EclipseLogger - Using 'UTF-8' encoding to copy filtered resources.
2019-04-08 18:21:01,322 [Worker-39] INFO  o.e.m.c.i.embedder.EclipseLogger - skip non existing resourceDirectory C:\Users\training\Desktop\H\DemoWS_Client\src\test\resources
2019-04-08 18:21:47,219 [Worker-41] INFO  o.e.m.c.i.embedder.EclipseLogger - Using 'UTF-8' encoding to copy filtered resources.
2019-04-08 18:21:47,219 [Worker-41] INFO  o.e.m.c.i.embedder.EclipseLogger - Copying 0 resource
2019-04-08 18:21:47,219 [Worker-41] INFO  o.e.m.c.i.embedder.EclipseLogger - skip non existing resourceDirectory C:\Users\training\Desktop\H\DemoWS_Client\target\generated-sources\axis2\wsdl2code\resources
2019-04-08 18:21:47,234 [Worker-41] INFO  o.e.m.c.i.embedder.EclipseLogger - Using 'UTF-8' encoding to copy filtered resources.
2019-04-08 18:21:47,234 [Worker-41] INFO  o.e.m.c.i.embedder.EclipseLogger - skip non existing resourceDirectory C:\Users\training\Desktop\H\DemoWS_Client\src\test\resources
2019-04-08 18:21:50,715 [Worker-26] INFO  o.e.m.c.i.embedder.EclipseLogger - Using 'UTF-8' encoding to copy filtered resources.
2019-04-08 18:21:50,715 [Worker-26] INFO  o.e.m.c.i.embedder.EclipseLogger - Copying 0 resource
2019-04-08 18:21:50,715 [Worker-26] INFO  o.e.m.c.i.embedder.EclipseLogger - skip non existing resourceDirectory C:\Users\training\Desktop\H\DemoWS_Client\target\generated-sources\axis2\wsdl2code\resources
2019-04-08 18:21:50,715 [Worker-26] INFO  o.e.m.c.i.embedder.EclipseLogger - Using 'UTF-8' encoding to copy filtered resources.
2019-04-08 18:21:50,715 [Worker-26] INFO  o.e.m.c.i.embedder.EclipseLogger - skip non existing resourceDirectory C:\Users\training\Desktop\H\DemoWS_Client\src\test\resources
2019-04-08 18:22:20,047 [Worker-34] INFO  o.e.m.c.i.embedder.EclipseLogger - Using 'UTF-8' encoding to copy filtered resources.
2019-04-08 18:22:20,047 [Worker-34] INFO  o.e.m.c.i.embedder.EclipseLogger - Copying 0 resource
2019-04-08 18:22:20,047 [Worker-34] INFO  o.e.m.c.i.embedder.EclipseLogger - skip non existing resourceDirectory C:\Users\training\Desktop\H\DemoWS_Client\target\generated-sources\axis2\wsdl2code\resources
2019-04-08 18:22:20,047 [Worker-34] INFO  o.e.m.c.i.embedder.EclipseLogger - Using 'UTF-8' encoding to copy filtered resources.
2019-04-08 18:22:20,047 [Worker-34] INFO  o.e.m.c.i.embedder.EclipseLogger - skip non existing resourceDirectory C:\Users\training\Desktop\H\DemoWS_Client\src\test\resources
2019-04-08 18:22:33,569 [Worker-39] INFO  o.e.m.i.launch.MavenLaunchDelegate - C:\Users\training\Desktop\H\DemoWS_Client
2019-04-08 18:22:33,570 [Worker-39] INFO  o.e.m.i.launch.MavenLaunchDelegate -  mvn -B clean
2019-04-08 18:22:36,573 [Worker-36] INFO  o.e.m.c.i.embedder.EclipseLogger - Using 'UTF-8' encoding to copy filtered resources.
2019-04-08 18:22:36,588 [Worker-36] INFO  o.e.m.c.i.embedder.EclipseLogger - Copying 0 resource
2019-04-08 18:22:36,588 [Worker-36] INFO  o.e.m.c.i.embedder.EclipseLogger - skip non existing resourceDirectory C:\Users\training\Desktop\H\DemoWS_Client\target\generated-sources\axis2\wsdl2code\resources
2019-04-08 18:22:36,588 [Worker-36] INFO  o.e.m.c.i.embedder.EclipseLogger - Using 'UTF-8' encoding to copy filtered resources.
2019-04-08 18:22:36,588 [Worker-36] INFO  o.e.m.c.i.embedder.EclipseLogger - skip non existing resourceDirectory C:\Users\training\Desktop\H\DemoWS_Client\src\test\resources
2019-04-08 18:22:36,588 [Worker-36] INFO  o.e.m.w.i.f.ResourceFilteringBuildParticipant - Changed resources require a complete clean of filtered resources of DemoWS_Client
2019-04-08 18:22:36,588 [Worker-36] INFO  o.e.m.w.i.f.ResourceFilteringBuildParticipant - Executing resource filtering for DemoWS_Client
2019-04-08 18:22:36,635 [Worker-36] INFO  o.e.m.c.i.embedder.EclipseLogger - Using 'UTF-8' encoding to copy filtered resources.
2019-04-08 18:22:46,750 [Worker-45] INFO  o.e.m.c.i.embedder.EclipseLogger - Using 'UTF-8' encoding to copy filtered resources.
2019-04-08 18:22:46,750 [Worker-45] INFO  o.e.m.c.i.embedder.EclipseLogger - Copying 0 resource
2019-04-08 18:22:46,750 [Worker-45] INFO  o.e.m.c.i.embedder.EclipseLogger - skip non existing resourceDirectory C:\Users\training\Desktop\H\DemoWS_Client\target\generated-sources\axis2\wsdl2code\resources
2019-04-08 18:22:46,750 [Worker-45] INFO  o.e.m.c.i.embedder.EclipseLogger - Using 'UTF-8' encoding to copy filtered resources.
2019-04-08 18:22:46,750 [Worker-45] INFO  o.e.m.c.i.embedder.EclipseLogger - skip non existing resourceDirectory C:\Users\training\Desktop\H\DemoWS_Client\src\test\resources
2019-04-08 18:22:49,792 [Worker-34] INFO  o.e.m.c.i.embedder.EclipseLogger - Using 'UTF-8' encoding to copy filtered resources.
2019-04-08 18:22:49,807 [Worker-34] INFO  o.e.m.c.i.embedder.EclipseLogger - Copying 1 resource
2019-04-08 18:22:49,807 [Worker-34] INFO  o.e.m.c.i.embedder.EclipseLogger - skip non existing resourceDirectory C:\Users\training\Desktop\H\DemoWS_Client\target\generated-sources\axis2\wsdl2code\resources
2019-04-08 18:22:49,823 [Worker-34] INFO  o.e.m.c.i.embedder.EclipseLogger - Using 'UTF-8' encoding to copy filtered resources.
2019-04-08 18:22:49,823 [Worker-34] INFO  o.e.m.c.i.embedder.EclipseLogger - skip non existing resourceDirectory C:\Users\training\Desktop\H\DemoWS_Client\src\test\resources
2019-04-08 18:23:23,375 [Worker-36] INFO  o.e.m.i.launch.MavenLaunchDelegate - C:\Users\training\Desktop\H\DemoWS_Client
2019-04-08 18:23:23,375 [Worker-36] INFO  o.e.m.i.launch.MavenLaunchDelegate -  mvn -B generate-sources
2019-04-08 18:23:28,246 [Worker-43] INFO  o.e.m.c.i.embedder.EclipseLogger - Using 'UTF-8' encoding to copy filtered resources.
2019-04-08 18:23:28,246 [Worker-43] INFO  o.e.m.c.i.embedder.EclipseLogger - Copying 0 resource
2019-04-08 18:23:28,246 [Worker-43] INFO  o.e.m.c.i.embedder.EclipseLogger - skip non existing resourceDirectory C:\Users\training\Desktop\H\DemoWS_Client\target\generated-sources\axis2\wsdl2code\resources
2019-04-08 18:23:28,246 [Worker-43] INFO  o.e.m.c.i.embedder.EclipseLogger - Using 'UTF-8' encoding to copy filtered resources.
2019-04-08 18:23:28,262 [Worker-43] INFO  o.e.m.c.i.embedder.EclipseLogger - skip non existing resourceDirectory C:\Users\training\Desktop\H\DemoWS_Client\src\test\resources
2019-04-08 18:28:59,983 [Worker-44] INFO  o.e.m.c.i.l.LifecycleMappingFactory - Using org.maven.ide.eclipse.wtp.WarLifecycleMapping lifecycle mapping for MavenProject: com.dxc:DemoWS_Client:1.0 @ C:\Users\training\Desktop\H\DemoWS_Client\pom.xml.
2019-04-08 18:29:02,097 [Worker-44] INFO  o.e.m.c.i.embedder.EclipseLogger - Using 'UTF-8' encoding to copy filtered resources.
2019-04-08 18:29:02,097 [Worker-44] INFO  o.e.m.c.i.embedder.EclipseLogger - Copying 0 resource
2019-04-08 18:29:02,097 [Worker-44] INFO  o.e.m.c.i.embedder.EclipseLogger - skip non existing resourceDirectory C:\Users\training\Desktop\H\DemoWS_Client\target\generated-sources\axis2\wsdl2code\resources
2019-04-08 18:29:02,097 [Worker-44] INFO  o.e.m.c.i.embedder.EclipseLogger - Using 'UTF-8' encoding to copy filtered resources.
2019-04-08 18:29:02,097 [Worker-44] INFO  o.e.m.c.i.embedder.EclipseLogger - skip non existing resourceDirectory C:\Users\training\Desktop\H\DemoWS_Client\src\test\resources
2019-04-08 18:29:02,097 [Worker-44] INFO  o.e.m.w.i.f.ResourceFilteringBuildParticipant - Changed resources require a complete clean of filtered resources of DemoWS_Client
2019-04-08 18:29:02,097 [Worker-44] INFO  o.e.m.w.i.f.ResourceFilteringBuildParticipant - Executing resource filtering for DemoWS_Client
2019-04-08 18:29:02,097 [Worker-44] INFO  o.e.m.c.i.embedder.EclipseLogger - Using 'UTF-8' encoding to copy filtered resources.
2019-04-08 18:29:14,900 [Worker-46] INFO  o.e.m.i.launch.MavenLaunchDelegate - C:\Users\training\Desktop\H\DemoWS_Client
2019-04-08 18:29:14,900 [Worker-46] INFO  o.e.m.i.launch.MavenLaunchDelegate -  mvn -B generate-sources
2019-04-08 18:29:40,457 [Worker-44] INFO  o.e.m.c.i.l.LifecycleMappingFactory - Using org.maven.ide.eclipse.wtp.WarLifecycleMapping lifecycle mapping for MavenProject: com.dxc:DemoWS_Client:1.0 @ C:\Users\training\Desktop\H\DemoWS_Client\pom.xml.
2019-04-08 18:29:42,425 [Worker-44] INFO  o.e.m.c.i.embedder.EclipseLogger - Using 'UTF-8' encoding to copy filtered resources.
2019-04-08 18:29:42,425 [Worker-44] INFO  o.e.m.c.i.embedder.EclipseLogger - Copying 0 resource
2019-04-08 18:29:42,425 [Worker-44] INFO  o.e.m.c.i.embedder.EclipseLogger - skip non existing resourceDirectory C:\Users\training\Desktop\H\DemoWS_Client\target\generated-sources\axis2\wsdl2code\resources
2019-04-08 18:29:42,441 [Worker-44] INFO  o.e.m.c.i.embedder.EclipseLogger - Using 'UTF-8' encoding to copy filtered resources.
2019-04-08 18:29:42,441 [Worker-44] INFO  o.e.m.c.i.embedder.EclipseLogger - skip non existing resourceDirectory C:\Users\training\Desktop\H\DemoWS_Client\src\test\resources
2019-04-08 18:29:42,441 [Worker-44] INFO  o.e.m.w.i.f.ResourceFilteringBuildParticipant - Changed resources require a complete clean of filtered resources of DemoWS_Client
2019-04-08 18:29:42,441 [Worker-44] INFO  o.e.m.w.i.f.ResourceFilteringBuildParticipant - Executing resource filtering for DemoWS_Client
2019-04-08 18:29:42,441 [Worker-44] INFO  o.e.m.c.i.embedder.EclipseLogger - Using 'UTF-8' encoding to copy filtered resources.
2019-04-08 18:34:28,804 [Worker-26] INFO  o.e.m.c.i.l.LifecycleMappingFactory - Using org.maven.ide.eclipse.wtp.WarLifecycleMapping lifecycle mapping for MavenProject: com.dxc:DemoWS_Client:1.0 @ C:\Users\training\Desktop\H\DemoWS_Client\pom.xml.
2019-04-08 18:34:30,603 [Worker-26] INFO  o.e.m.c.i.embedder.EclipseLogger - Using 'UTF-8' encoding to copy filtered resources.
2019-04-08 18:34:30,619 [Worker-26] INFO  o.e.m.c.i.embedder.EclipseLogger - Copying 0 resource
2019-04-08 18:34:30,619 [Worker-26] INFO  o.e.m.c.i.embedder.EclipseLogger - skip non existing resourceDirectory C:\Users\training\Desktop\H\DemoWS_Client\target\generated-sources\axis2\wsdl2code\resources
2019-04-08 18:34:30,619 [Worker-26] INFO  o.e.m.c.i.embedder.EclipseLogger - Using 'UTF-8' encoding to copy filtered resources.
2019-04-08 18:34:30,619 [Worker-26] INFO  o.e.m.c.i.embedder.EclipseLogger - skip non existing resourceDirectory C:\Users\training\Desktop\H\DemoWS_Client\src\test\resources
2019-04-08 18:34:30,619 [Worker-26] INFO  o.e.m.w.i.f.ResourceFilteringBuildParticipant - Changed resources require a complete clean of filtered resources of DemoWS_Client
2019-04-08 18:34:30,619 [Worker-26] INFO  o.e.m.w.i.f.ResourceFilteringBuildParticipant - Executing resource filtering for DemoWS_Client
2019-04-08 18:34:30,619 [Worker-26] INFO  o.e.m.c.i.embedder.EclipseLogger - Using 'UTF-8' encoding to copy filtered resources.
2019-04-08 18:34:36,200 [Worker-46] INFO  o.e.m.i.launch.MavenLaunchDelegate - C:\Users\training\Desktop\H\DemoWS_Client
2019-04-08 18:34:36,200 [Worker-46] INFO  o.e.m.i.launch.MavenLaunchDelegate -  mvn -B generate-sources
